2025-06-22 00:13:27 [INFO ] o.h.validator.internal.util.Version - HV000001: Hibernate Validator 8.0.2.Final
2025-06-22 00:13:27 [INFO ] c.demo.ecommerce.SpringEcommerceMain - Starting SpringEcommerceMain using Java 17.0.4.1 with PID 3216 (G:\work\eclipse-workspace-interview\ecommerce-demo\target\classes started by pagan in G:\work\eclipse-workspace-interview\ecommerce-demo)
2025-06-22 00:13:27 [INFO ] c.demo.ecommerce.SpringEcommerceMain - No active profile set, falling back to 1 default profile: "default"
2025-06-22 00:13:27 [INFO ] o.s.d.r.c.RepositoryConfigurationDelegate - Bootstrapping Spring Data JPA repositories in DEFAULT mode.
2025-06-22 00:13:28 [INFO ] o.s.d.r.c.RepositoryConfigurationDelegate - Finished Spring Data repository scanning in 174 ms. Found 3 JPA repository interfaces.
2025-06-22 00:13:28 [INFO ] o.h.jpa.internal.util.LogHelper - HHH000204: Processing PersistenceUnitInfo [name: default]
2025-06-22 00:13:28 [INFO ] org.hibernate.Version - HHH000412: Hibernate ORM core version 6.6.18.Final
2025-06-22 00:13:28 [INFO ] o.h.c.i.RegionFactoryInitiator - HHH000026: Second-level cache disabled
2025-06-22 00:13:29 [INFO ] o.s.o.j.p.SpringPersistenceUnitInfo - No LoadTimeWeaver setup: ignoring JPA class transformer
2025-06-22 00:13:29 [INFO ] com.zaxxer.hikari.HikariDataSource - HikariPool-1 - Starting...
2025-06-22 00:13:29 [INFO ] com.zaxxer.hikari.pool.HikariPool - HikariPool-1 - Added connection org.postgresql.jdbc.PgConnection@43786627
2025-06-22 00:13:29 [INFO ] com.zaxxer.hikari.HikariDataSource - HikariPool-1 - Start completed.
2025-06-22 00:13:29 [WARN ] org.hibernate.orm.deprecation - HHH90000025: PostgreSQLDialect does not need to be specified explicitly using 'hibernate.dialect' (remove the property setting and it will be selected by default)
2025-06-22 00:13:29 [INFO ] o.hibernate.orm.connections.pooling - HHH10001005: Database info:
	Database JDBC URL [Connecting through datasource 'HikariDataSource (HikariPool-1)']
	Database driver: undefined/unknown
	Database version: 14.1
	Autocommit mode: undefined/unknown
	Isolation level: undefined/unknown
	Minimum pool size: undefined/unknown
	Maximum pool size: undefined/unknown
2025-06-22 00:13:30 [INFO ] o.h.e.t.j.p.i.JtaPlatformInitiator - HHH000489: No JTA platform available (set 'hibernate.transaction.jta.platform' to enable JTA platform integration)
2025-06-22 00:13:31 [INFO ] o.s.o.j.LocalContainerEntityManagerFactoryBean - Initialized JPA EntityManagerFactory for persistence unit 'default'
2025-06-22 00:13:32 [INFO ] o.s.b.w.e.netty.NettyWebServer - Netty started on port 8090 (http)
2025-06-22 00:13:32 [INFO ] c.demo.ecommerce.SpringEcommerceMain - Started SpringEcommerceMain in 5.385 seconds (process running for 6.317)
2025-06-22 00:17:33 [INFO ] o.h.validator.internal.util.Version - HV000001: Hibernate Validator 8.0.2.Final
2025-06-22 00:17:33 [INFO ] c.demo.ecommerce.SpringEcommerceMain - Starting SpringEcommerceMain using Java 17.0.4.1 with PID 23252 (G:\work\eclipse-workspace-interview\ecommerce-demo\target\classes started by pagan in G:\work\eclipse-workspace-interview\ecommerce-demo)
2025-06-22 00:17:33 [INFO ] c.demo.ecommerce.SpringEcommerceMain - No active profile set, falling back to 1 default profile: "default"
2025-06-22 00:17:33 [INFO ] o.s.d.r.c.RepositoryConfigurationDelegate - Bootstrapping Spring Data JPA repositories in DEFAULT mode.
2025-06-22 00:17:33 [INFO ] o.s.d.r.c.RepositoryConfigurationDelegate - Finished Spring Data repository scanning in 132 ms. Found 3 JPA repository interfaces.
2025-06-22 00:17:34 [INFO ] o.h.jpa.internal.util.LogHelper - HHH000204: Processing PersistenceUnitInfo [name: default]
2025-06-22 00:17:34 [INFO ] org.hibernate.Version - HHH000412: Hibernate ORM core version 6.6.18.Final
2025-06-22 00:17:34 [INFO ] o.h.c.i.RegionFactoryInitiator - HHH000026: Second-level cache disabled
2025-06-22 00:17:34 [INFO ] o.s.o.j.p.SpringPersistenceUnitInfo - No LoadTimeWeaver setup: ignoring JPA class transformer
2025-06-22 00:17:34 [INFO ] com.zaxxer.hikari.HikariDataSource - HikariPool-1 - Starting...
2025-06-22 00:17:35 [INFO ] com.zaxxer.hikari.pool.HikariPool - HikariPool-1 - Added connection org.postgresql.jdbc.PgConnection@1da75dde
2025-06-22 00:17:35 [INFO ] com.zaxxer.hikari.HikariDataSource - HikariPool-1 - Start completed.
2025-06-22 00:17:35 [WARN ] org.hibernate.orm.deprecation - HHH90000025: PostgreSQLDialect does not need to be specified explicitly using 'hibernate.dialect' (remove the property setting and it will be selected by default)
2025-06-22 00:17:35 [INFO ] o.hibernate.orm.connections.pooling - HHH10001005: Database info:
	Database JDBC URL [Connecting through datasource 'HikariDataSource (HikariPool-1)']
	Database driver: undefined/unknown
	Database version: 14.1
	Autocommit mode: undefined/unknown
	Isolation level: undefined/unknown
	Minimum pool size: undefined/unknown
	Maximum pool size: undefined/unknown
2025-06-22 00:17:36 [INFO ] o.h.e.t.j.p.i.JtaPlatformInitiator - HHH000489: No JTA platform available (set 'hibernate.transaction.jta.platform' to enable JTA platform integration)
2025-06-22 00:17:36 [INFO ] o.s.o.j.LocalContainerEntityManagerFactoryBean - Initialized JPA EntityManagerFactory for persistence unit 'default'
2025-06-22 00:17:37 [INFO ] o.s.b.w.e.netty.NettyWebServer - Netty started on port 8090 (http)
2025-06-22 00:17:37 [INFO ] c.demo.ecommerce.SpringEcommerceMain - Started SpringEcommerceMain in 4.567 seconds (process running for 5.104)
2025-06-22 00:18:18 [INFO ] o.h.validator.internal.util.Version - HV000001: Hibernate Validator 8.0.2.Final
2025-06-22 00:18:18 [INFO ] c.demo.ecommerce.SpringEcommerceMain - Starting SpringEcommerceMain using Java 17.0.4.1 with PID 26700 (G:\work\eclipse-workspace-interview\ecommerce-demo\target\classes started by pagan in G:\work\eclipse-workspace-interview\ecommerce-demo)
2025-06-22 00:18:18 [INFO ] c.demo.ecommerce.SpringEcommerceMain - No active profile set, falling back to 1 default profile: "default"
2025-06-22 00:18:18 [INFO ] o.s.d.r.c.RepositoryConfigurationDelegate - Bootstrapping Spring Data JPA repositories in DEFAULT mode.
2025-06-22 00:18:19 [INFO ] o.s.d.r.c.RepositoryConfigurationDelegate - Finished Spring Data repository scanning in 133 ms. Found 3 JPA repository interfaces.
2025-06-22 00:18:19 [INFO ] o.h.jpa.internal.util.LogHelper - HHH000204: Processing PersistenceUnitInfo [name: default]
2025-06-22 00:18:19 [INFO ] org.hibernate.Version - HHH000412: Hibernate ORM core version 6.6.18.Final
2025-06-22 00:18:19 [INFO ] o.h.c.i.RegionFactoryInitiator - HHH000026: Second-level cache disabled
2025-06-22 00:18:20 [INFO ] o.s.o.j.p.SpringPersistenceUnitInfo - No LoadTimeWeaver setup: ignoring JPA class transformer
2025-06-22 00:18:20 [INFO ] com.zaxxer.hikari.HikariDataSource - HikariPool-1 - Starting...
2025-06-22 00:18:20 [INFO ] com.zaxxer.hikari.pool.HikariPool - HikariPool-1 - Added connection org.postgresql.jdbc.PgConnection@690df641
2025-06-22 00:18:20 [INFO ] com.zaxxer.hikari.HikariDataSource - HikariPool-1 - Start completed.
2025-06-22 00:18:20 [WARN ] org.hibernate.orm.deprecation - HHH90000025: PostgreSQLDialect does not need to be specified explicitly using 'hibernate.dialect' (remove the property setting and it will be selected by default)
2025-06-22 00:18:20 [INFO ] o.hibernate.orm.connections.pooling - HHH10001005: Database info:
	Database JDBC URL [Connecting through datasource 'HikariDataSource (HikariPool-1)']
	Database driver: undefined/unknown
	Database version: 14.1
	Autocommit mode: undefined/unknown
	Isolation level: undefined/unknown
	Minimum pool size: undefined/unknown
	Maximum pool size: undefined/unknown
2025-06-22 00:18:21 [INFO ] o.h.e.t.j.p.i.JtaPlatformInitiator - HHH000489: No JTA platform available (set 'hibernate.transaction.jta.platform' to enable JTA platform integration)
2025-06-22 00:18:21 [INFO ] o.s.o.j.LocalContainerEntityManagerFactoryBean - Initialized JPA EntityManagerFactory for persistence unit 'default'
2025-06-22 00:18:22 [INFO ] o.s.b.w.e.netty.NettyWebServer - Netty started on port 8090 (http)
2025-06-22 00:18:22 [INFO ] c.demo.ecommerce.SpringEcommerceMain - Started SpringEcommerceMain in 4.767 seconds (process running for 5.306)
2025-06-22 00:21:06 [INFO ] o.h.validator.internal.util.Version - HV000001: Hibernate Validator 8.0.2.Final
2025-06-22 00:21:06 [INFO ] c.demo.ecommerce.SpringEcommerceMain - Starting SpringEcommerceMain using Java 17.0.4.1 with PID 8928 (G:\work\eclipse-workspace-interview\ecommerce-demo\target\classes started by pagan in G:\work\eclipse-workspace-interview\ecommerce-demo)
2025-06-22 00:21:06 [INFO ] c.demo.ecommerce.SpringEcommerceMain - No active profile set, falling back to 1 default profile: "default"
2025-06-22 00:21:06 [INFO ] o.s.d.r.c.RepositoryConfigurationDelegate - Bootstrapping Spring Data JPA repositories in DEFAULT mode.
2025-06-22 00:21:06 [INFO ] o.s.d.r.c.RepositoryConfigurationDelegate - Finished Spring Data repository scanning in 133 ms. Found 3 JPA repository interfaces.
2025-06-22 00:21:07 [INFO ] o.h.jpa.internal.util.LogHelper - HHH000204: Processing PersistenceUnitInfo [name: default]
2025-06-22 00:21:07 [INFO ] org.hibernate.Version - HHH000412: Hibernate ORM core version 6.6.18.Final
2025-06-22 00:21:07 [INFO ] o.h.c.i.RegionFactoryInitiator - HHH000026: Second-level cache disabled
2025-06-22 00:21:07 [INFO ] o.s.o.j.p.SpringPersistenceUnitInfo - No LoadTimeWeaver setup: ignoring JPA class transformer
2025-06-22 00:21:08 [INFO ] com.zaxxer.hikari.HikariDataSource - HikariPool-1 - Starting...
2025-06-22 00:21:08 [INFO ] com.zaxxer.hikari.pool.HikariPool - HikariPool-1 - Added connection org.postgresql.jdbc.PgConnection@1b1e1f02
2025-06-22 00:21:08 [INFO ] com.zaxxer.hikari.HikariDataSource - HikariPool-1 - Start completed.
2025-06-22 00:21:08 [WARN ] org.hibernate.orm.deprecation - HHH90000025: PostgreSQLDialect does not need to be specified explicitly using 'hibernate.dialect' (remove the property setting and it will be selected by default)
2025-06-22 00:21:08 [INFO ] o.hibernate.orm.connections.pooling - HHH10001005: Database info:
	Database JDBC URL [Connecting through datasource 'HikariDataSource (HikariPool-1)']
	Database driver: undefined/unknown
	Database version: 14.1
	Autocommit mode: undefined/unknown
	Isolation level: undefined/unknown
	Minimum pool size: undefined/unknown
	Maximum pool size: undefined/unknown
2025-06-22 00:21:09 [INFO ] o.h.e.t.j.p.i.JtaPlatformInitiator - HHH000489: No JTA platform available (set 'hibernate.transaction.jta.platform' to enable JTA platform integration)
2025-06-22 00:21:09 [INFO ] o.s.o.j.LocalContainerEntityManagerFactoryBean - Initialized JPA EntityManagerFactory for persistence unit 'default'
2025-06-22 00:21:10 [INFO ] o.s.b.w.e.netty.NettyWebServer - Netty started on port 8090 (http)
2025-06-22 00:21:10 [INFO ] c.demo.ecommerce.SpringEcommerceMain - Started SpringEcommerceMain in 4.675 seconds (process running for 5.214)
2025-06-22 00:21:34 [INFO ] c.d.e.controller.AuthController - Generate Token: eyJhbGciOiJIUzI1NiJ9.eyJzdWIiOiJ0b21jYXQiLCJleHAiOjE3NTA1NTUyOTQsImlhdCI6MTc1MDU1MTY5NH0.-BeTMRgZDhCEk99ISYgCSTTylMIAJ3TUf0bx-u-V9oc
2025-06-22 00:23:51 [INFO ] o.h.validator.internal.util.Version - HV000001: Hibernate Validator 8.0.2.Final
2025-06-22 00:23:51 [INFO ] c.demo.ecommerce.SpringEcommerceMain - Starting SpringEcommerceMain using Java 17.0.4.1 with PID 15548 (G:\work\eclipse-workspace-interview\ecommerce-demo\target\classes started by pagan in G:\work\eclipse-workspace-interview\ecommerce-demo)
2025-06-22 00:23:51 [INFO ] c.demo.ecommerce.SpringEcommerceMain - No active profile set, falling back to 1 default profile: "default"
2025-06-22 00:23:51 [INFO ] o.s.d.r.c.RepositoryConfigurationDelegate - Bootstrapping Spring Data JPA repositories in DEFAULT mode.
2025-06-22 00:23:52 [INFO ] o.s.d.r.c.RepositoryConfigurationDelegate - Finished Spring Data repository scanning in 211 ms. Found 3 JPA repository interfaces.
2025-06-22 00:23:52 [INFO ] o.h.jpa.internal.util.LogHelper - HHH000204: Processing PersistenceUnitInfo [name: default]
2025-06-22 00:23:53 [INFO ] org.hibernate.Version - HHH000412: Hibernate ORM core version 6.6.18.Final
2025-06-22 00:23:53 [INFO ] o.h.c.i.RegionFactoryInitiator - HHH000026: Second-level cache disabled
2025-06-22 00:23:53 [INFO ] o.s.o.j.p.SpringPersistenceUnitInfo - No LoadTimeWeaver setup: ignoring JPA class transformer
2025-06-22 00:23:53 [INFO ] com.zaxxer.hikari.HikariDataSource - HikariPool-1 - Starting...
2025-06-22 00:23:53 [INFO ] com.zaxxer.hikari.pool.HikariPool - HikariPool-1 - Added connection org.postgresql.jdbc.PgConnection@7e5e6573
2025-06-22 00:23:53 [INFO ] com.zaxxer.hikari.HikariDataSource - HikariPool-1 - Start completed.
2025-06-22 00:23:54 [WARN ] org.hibernate.orm.deprecation - HHH90000025: PostgreSQLDialect does not need to be specified explicitly using 'hibernate.dialect' (remove the property setting and it will be selected by default)
2025-06-22 00:23:54 [INFO ] o.hibernate.orm.connections.pooling - HHH10001005: Database info:
	Database JDBC URL [Connecting through datasource 'HikariDataSource (HikariPool-1)']
	Database driver: undefined/unknown
	Database version: 14.1
	Autocommit mode: undefined/unknown
	Isolation level: undefined/unknown
	Minimum pool size: undefined/unknown
	Maximum pool size: undefined/unknown
2025-06-22 00:23:55 [INFO ] o.h.e.t.j.p.i.JtaPlatformInitiator - HHH000489: No JTA platform available (set 'hibernate.transaction.jta.platform' to enable JTA platform integration)
2025-06-22 00:23:55 [INFO ] o.s.o.j.LocalContainerEntityManagerFactoryBean - Initialized JPA EntityManagerFactory for persistence unit 'default'
2025-06-22 00:23:56 [INFO ] o.s.b.w.e.netty.NettyWebServer - Netty started on port 8090 (http)
2025-06-22 00:23:56 [INFO ] c.demo.ecommerce.SpringEcommerceMain - Started SpringEcommerceMain in 6.355 seconds (process running for 7.279)
2025-06-22 00:24:26 [INFO ] c.d.e.controller.AuthController - Generate Token: eyJhbGciOiJIUzI1NiJ9.eyJzdWIiOiJ0b21jYXQiLCJleHAiOjE3NTA1NTU0NjYsImlhdCI6MTc1MDU1MTg2Nn0.1xjb_njXbcfQVPY65KwJSd-PXIOrL959NmSZl52Ooac
2025-06-22 00:25:38 [INFO ] o.h.validator.internal.util.Version - HV000001: Hibernate Validator 8.0.2.Final
2025-06-22 00:25:38 [INFO ] c.demo.ecommerce.SpringEcommerceMain - Starting SpringEcommerceMain using Java 17.0.4.1 with PID 3524 (G:\work\eclipse-workspace-interview\ecommerce-demo\target\classes started by pagan in G:\work\eclipse-workspace-interview\ecommerce-demo)
2025-06-22 00:25:38 [INFO ] c.demo.ecommerce.SpringEcommerceMain - No active profile set, falling back to 1 default profile: "default"
2025-06-22 00:25:38 [INFO ] o.s.d.r.c.RepositoryConfigurationDelegate - Bootstrapping Spring Data JPA repositories in DEFAULT mode.
2025-06-22 00:25:39 [INFO ] o.s.d.r.c.RepositoryConfigurationDelegate - Finished Spring Data repository scanning in 131 ms. Found 3 JPA repository interfaces.
2025-06-22 00:25:39 [INFO ] o.h.jpa.internal.util.LogHelper - HHH000204: Processing PersistenceUnitInfo [name: default]
2025-06-22 00:25:39 [INFO ] org.hibernate.Version - HHH000412: Hibernate ORM core version 6.6.18.Final
2025-06-22 00:25:39 [INFO ] o.h.c.i.RegionFactoryInitiator - HHH000026: Second-level cache disabled
2025-06-22 00:25:40 [INFO ] o.s.o.j.p.SpringPersistenceUnitInfo - No LoadTimeWeaver setup: ignoring JPA class transformer
2025-06-22 00:25:40 [INFO ] com.zaxxer.hikari.HikariDataSource - HikariPool-1 - Starting...
2025-06-22 00:25:40 [INFO ] com.zaxxer.hikari.pool.HikariPool - HikariPool-1 - Added connection org.postgresql.jdbc.PgConnection@3313463c
2025-06-22 00:25:40 [INFO ] com.zaxxer.hikari.HikariDataSource - HikariPool-1 - Start completed.
2025-06-22 00:25:40 [WARN ] org.hibernate.orm.deprecation - HHH90000025: PostgreSQLDialect does not need to be specified explicitly using 'hibernate.dialect' (remove the property setting and it will be selected by default)
2025-06-22 00:25:40 [INFO ] o.hibernate.orm.connections.pooling - HHH10001005: Database info:
	Database JDBC URL [Connecting through datasource 'HikariDataSource (HikariPool-1)']
	Database driver: undefined/unknown
	Database version: 14.1
	Autocommit mode: undefined/unknown
	Isolation level: undefined/unknown
	Minimum pool size: undefined/unknown
	Maximum pool size: undefined/unknown
2025-06-22 00:25:41 [INFO ] o.h.e.t.j.p.i.JtaPlatformInitiator - HHH000489: No JTA platform available (set 'hibernate.transaction.jta.platform' to enable JTA platform integration)
2025-06-22 00:25:41 [INFO ] o.s.o.j.LocalContainerEntityManagerFactoryBean - Initialized JPA EntityManagerFactory for persistence unit 'default'
2025-06-22 00:25:42 [INFO ] o.s.b.w.e.netty.NettyWebServer - Netty started on port 8090 (http)
2025-06-22 00:25:42 [INFO ] c.demo.ecommerce.SpringEcommerceMain - Started SpringEcommerceMain in 4.586 seconds (process running for 5.12)
2025-06-22 00:25:54 [INFO ] c.d.e.controller.AuthController - Generate Token: eyJhbGciOiJIUzI1NiJ9.eyJzdWIiOiJ0b21jYXQiLCJleHAiOjE3NTA1NTU1NTQsImlhdCI6MTc1MDU1MTk1NH0.JFCFsciJI_dwRx1gfqj-af8G0WNxr4CeFFhTllZqpjA
2025-06-22 00:29:43 [INFO ] o.h.validator.internal.util.Version - HV000001: Hibernate Validator 8.0.2.Final
2025-06-22 00:29:43 [INFO ] c.demo.ecommerce.SpringEcommerceMain - Starting SpringEcommerceMain using Java 17.0.4.1 with PID 15468 (G:\work\eclipse-workspace-interview\ecommerce-demo\target\classes started by pagan in G:\work\eclipse-workspace-interview\ecommerce-demo)
2025-06-22 00:29:43 [INFO ] c.demo.ecommerce.SpringEcommerceMain - No active profile set, falling back to 1 default profile: "default"
2025-06-22 00:29:44 [INFO ] o.s.d.r.c.RepositoryConfigurationDelegate - Bootstrapping Spring Data JPA repositories in DEFAULT mode.
2025-06-22 00:29:44 [INFO ] o.s.d.r.c.RepositoryConfigurationDelegate - Finished Spring Data repository scanning in 169 ms. Found 3 JPA repository interfaces.
2025-06-22 00:29:45 [INFO ] o.h.jpa.internal.util.LogHelper - HHH000204: Processing PersistenceUnitInfo [name: default]
2025-06-22 00:29:45 [INFO ] org.hibernate.Version - HHH000412: Hibernate ORM core version 6.6.18.Final
2025-06-22 00:29:45 [INFO ] o.h.c.i.RegionFactoryInitiator - HHH000026: Second-level cache disabled
2025-06-22 00:29:45 [INFO ] o.s.o.j.p.SpringPersistenceUnitInfo - No LoadTimeWeaver setup: ignoring JPA class transformer
2025-06-22 00:29:45 [INFO ] com.zaxxer.hikari.HikariDataSource - HikariPool-1 - Starting...
2025-06-22 00:29:46 [INFO ] com.zaxxer.hikari.pool.HikariPool - HikariPool-1 - Added connection org.postgresql.jdbc.PgConnection@77ecdc2b
2025-06-22 00:29:46 [INFO ] com.zaxxer.hikari.HikariDataSource - HikariPool-1 - Start completed.
2025-06-22 00:29:46 [WARN ] org.hibernate.orm.deprecation - HHH90000025: PostgreSQLDialect does not need to be specified explicitly using 'hibernate.dialect' (remove the property setting and it will be selected by default)
2025-06-22 00:29:46 [INFO ] o.hibernate.orm.connections.pooling - HHH10001005: Database info:
	Database JDBC URL [Connecting through datasource 'HikariDataSource (HikariPool-1)']
	Database driver: undefined/unknown
	Database version: 14.1
	Autocommit mode: undefined/unknown
	Isolation level: undefined/unknown
	Minimum pool size: undefined/unknown
	Maximum pool size: undefined/unknown
2025-06-22 00:29:47 [INFO ] o.h.e.t.j.p.i.JtaPlatformInitiator - HHH000489: No JTA platform available (set 'hibernate.transaction.jta.platform' to enable JTA platform integration)
2025-06-22 00:29:47 [INFO ] o.s.o.j.LocalContainerEntityManagerFactoryBean - Initialized JPA EntityManagerFactory for persistence unit 'default'
2025-06-22 00:29:48 [INFO ] o.s.b.w.e.netty.NettyWebServer - Netty started on port 8090 (http)
2025-06-22 00:29:48 [INFO ] c.demo.ecommerce.SpringEcommerceMain - Started SpringEcommerceMain in 5.607 seconds (process running for 6.47)
2025-06-22 00:30:02 [INFO ] c.d.e.controller.AuthController - Generate Token: eyJhbGciOiJIUzI1NiJ9.eyJzdWIiOiJ0b21jYXQiLCJleHAiOjE3NTA1NTU4MDIsImlhdCI6MTc1MDU1MjIwMn0.89FcnkxUX5XA3LO8x5rirBpkCmEcD6om5OMwiwtnu6o
2025-06-22 00:33:07 [INFO ] o.h.validator.internal.util.Version - HV000001: Hibernate Validator 8.0.2.Final
2025-06-22 00:33:07 [INFO ] c.demo.ecommerce.SpringEcommerceMain - Starting SpringEcommerceMain using Java 17.0.4.1 with PID 14660 (G:\work\eclipse-workspace-interview\ecommerce-demo\target\classes started by pagan in G:\work\eclipse-workspace-interview\ecommerce-demo)
2025-06-22 00:33:07 [INFO ] c.demo.ecommerce.SpringEcommerceMain - No active profile set, falling back to 1 default profile: "default"
2025-06-22 00:33:07 [INFO ] o.s.d.r.c.RepositoryConfigurationDelegate - Bootstrapping Spring Data JPA repositories in DEFAULT mode.
2025-06-22 00:33:07 [INFO ] o.s.d.r.c.RepositoryConfigurationDelegate - Finished Spring Data repository scanning in 172 ms. Found 3 JPA repository interfaces.
2025-06-22 00:33:08 [INFO ] o.h.jpa.internal.util.LogHelper - HHH000204: Processing PersistenceUnitInfo [name: default]
2025-06-22 00:33:08 [INFO ] org.hibernate.Version - HHH000412: Hibernate ORM core version 6.6.18.Final
2025-06-22 00:33:08 [INFO ] o.h.c.i.RegionFactoryInitiator - HHH000026: Second-level cache disabled
2025-06-22 00:33:09 [INFO ] o.s.o.j.p.SpringPersistenceUnitInfo - No LoadTimeWeaver setup: ignoring JPA class transformer
2025-06-22 00:33:09 [INFO ] com.zaxxer.hikari.HikariDataSource - HikariPool-1 - Starting...
2025-06-22 00:33:09 [INFO ] com.zaxxer.hikari.pool.HikariPool - HikariPool-1 - Added connection org.postgresql.jdbc.PgConnection@1da745a2
2025-06-22 00:33:09 [INFO ] com.zaxxer.hikari.HikariDataSource - HikariPool-1 - Start completed.
2025-06-22 00:33:09 [WARN ] org.hibernate.orm.deprecation - HHH90000025: PostgreSQLDialect does not need to be specified explicitly using 'hibernate.dialect' (remove the property setting and it will be selected by default)
2025-06-22 00:33:09 [INFO ] o.hibernate.orm.connections.pooling - HHH10001005: Database info:
	Database JDBC URL [Connecting through datasource 'HikariDataSource (HikariPool-1)']
	Database driver: undefined/unknown
	Database version: 14.1
	Autocommit mode: undefined/unknown
	Isolation level: undefined/unknown
	Minimum pool size: undefined/unknown
	Maximum pool size: undefined/unknown
2025-06-22 00:33:10 [INFO ] o.h.e.t.j.p.i.JtaPlatformInitiator - HHH000489: No JTA platform available (set 'hibernate.transaction.jta.platform' to enable JTA platform integration)
2025-06-22 00:33:10 [INFO ] o.s.o.j.LocalContainerEntityManagerFactoryBean - Initialized JPA EntityManagerFactory for persistence unit 'default'
2025-06-22 00:33:11 [INFO ] o.s.b.w.e.netty.NettyWebServer - Netty started on port 8090 (http)
2025-06-22 00:33:11 [INFO ] c.demo.ecommerce.SpringEcommerceMain - Started SpringEcommerceMain in 4.914 seconds (process running for 5.482)
2025-06-22 00:33:28 [INFO ] c.d.e.controller.AuthController - Generate Token: eyJhbGciOiJIUzI1NiJ9.eyJzdWIiOiJ0b21jYXQiLCJleHAiOjE3NTA1NTYwMDgsImlhdCI6MTc1MDU1MjQwOH0.Xi7tqkDEHGf-eMEXhb9aHb5Z3NDXPegFB8TSqTGKQHY
2025-06-22 00:40:25 [INFO ] o.h.validator.internal.util.Version - HV000001: Hibernate Validator 8.0.2.Final
2025-06-22 00:40:25 [INFO ] c.demo.ecommerce.SpringEcommerceMain - Starting SpringEcommerceMain using Java 17.0.4.1 with PID 15628 (G:\work\eclipse-workspace-interview\ecommerce-demo\target\classes started by pagan in G:\work\eclipse-workspace-interview\ecommerce-demo)
2025-06-22 00:40:25 [INFO ] c.demo.ecommerce.SpringEcommerceMain - No active profile set, falling back to 1 default profile: "default"
2025-06-22 00:40:26 [INFO ] o.s.d.r.c.RepositoryConfigurationDelegate - Bootstrapping Spring Data JPA repositories in DEFAULT mode.
2025-06-22 00:40:26 [INFO ] o.s.d.r.c.RepositoryConfigurationDelegate - Finished Spring Data repository scanning in 166 ms. Found 3 JPA repository interfaces.
2025-06-22 00:40:27 [INFO ] o.h.jpa.internal.util.LogHelper - HHH000204: Processing PersistenceUnitInfo [name: default]
2025-06-22 00:40:27 [INFO ] org.hibernate.Version - HHH000412: Hibernate ORM core version 6.6.18.Final
2025-06-22 00:40:27 [INFO ] o.h.c.i.RegionFactoryInitiator - HHH000026: Second-level cache disabled
2025-06-22 00:40:27 [INFO ] o.s.o.j.p.SpringPersistenceUnitInfo - No LoadTimeWeaver setup: ignoring JPA class transformer
2025-06-22 00:40:28 [INFO ] com.zaxxer.hikari.HikariDataSource - HikariPool-1 - Starting...
2025-06-22 00:40:28 [INFO ] com.zaxxer.hikari.pool.HikariPool - HikariPool-1 - Added connection org.postgresql.jdbc.PgConnection@3005623b
2025-06-22 00:40:28 [INFO ] com.zaxxer.hikari.HikariDataSource - HikariPool-1 - Start completed.
2025-06-22 00:40:28 [WARN ] org.hibernate.orm.deprecation - HHH90000025: PostgreSQLDialect does not need to be specified explicitly using 'hibernate.dialect' (remove the property setting and it will be selected by default)
2025-06-22 00:40:28 [INFO ] o.hibernate.orm.connections.pooling - HHH10001005: Database info:
	Database JDBC URL [Connecting through datasource 'HikariDataSource (HikariPool-1)']
	Database driver: undefined/unknown
	Database version: 14.1
	Autocommit mode: undefined/unknown
	Isolation level: undefined/unknown
	Minimum pool size: undefined/unknown
	Maximum pool size: undefined/unknown
2025-06-22 00:40:29 [INFO ] o.h.e.t.j.p.i.JtaPlatformInitiator - HHH000489: No JTA platform available (set 'hibernate.transaction.jta.platform' to enable JTA platform integration)
2025-06-22 00:40:29 [INFO ] o.s.o.j.LocalContainerEntityManagerFactoryBean - Initialized JPA EntityManagerFactory for persistence unit 'default'
2025-06-22 00:40:31 [INFO ] o.s.b.w.e.netty.NettyWebServer - Netty started on port 8090 (http)
2025-06-22 00:40:31 [INFO ] c.demo.ecommerce.SpringEcommerceMain - Started SpringEcommerceMain in 5.655 seconds (process running for 6.532)
2025-06-22 00:40:58 [INFO ] c.d.e.controller.AuthController - Generate Token: eyJhbGciOiJIUzI1NiJ9.eyJzdWIiOiJ0b21jYXQiLCJleHAiOjE3NTA1NTY0NTgsImlhdCI6MTc1MDU1Mjg1OH0.LtuDABr22He34l1npoRK4LtCvYH-OL7dYNZvjYzc2iY
2025-06-22 00:47:04 [INFO ] o.h.validator.internal.util.Version - HV000001: Hibernate Validator 8.0.2.Final
2025-06-22 00:47:04 [INFO ] c.demo.ecommerce.SpringEcommerceMain - Starting SpringEcommerceMain using Java 17.0.4.1 with PID 19656 (G:\work\eclipse-workspace-interview\ecommerce-demo\target\classes started by pagan in G:\work\eclipse-workspace-interview\ecommerce-demo)
2025-06-22 00:47:04 [INFO ] c.demo.ecommerce.SpringEcommerceMain - No active profile set, falling back to 1 default profile: "default"
2025-06-22 00:47:05 [INFO ] o.s.d.r.c.RepositoryConfigurationDelegate - Bootstrapping Spring Data JPA repositories in DEFAULT mode.
2025-06-22 00:47:05 [INFO ] o.s.d.r.c.RepositoryConfigurationDelegate - Finished Spring Data repository scanning in 139 ms. Found 3 JPA repository interfaces.
2025-06-22 00:47:06 [INFO ] o.h.jpa.internal.util.LogHelper - HHH000204: Processing PersistenceUnitInfo [name: default]
2025-06-22 00:47:06 [INFO ] org.hibernate.Version - HHH000412: Hibernate ORM core version 6.6.18.Final
2025-06-22 00:47:06 [INFO ] o.h.c.i.RegionFactoryInitiator - HHH000026: Second-level cache disabled
2025-06-22 00:47:06 [INFO ] o.s.o.j.p.SpringPersistenceUnitInfo - No LoadTimeWeaver setup: ignoring JPA class transformer
2025-06-22 00:47:06 [INFO ] com.zaxxer.hikari.HikariDataSource - HikariPool-1 - Starting...
2025-06-22 00:47:07 [INFO ] com.zaxxer.hikari.pool.HikariPool - HikariPool-1 - Added connection org.postgresql.jdbc.PgConnection@ff03361
2025-06-22 00:47:07 [INFO ] com.zaxxer.hikari.HikariDataSource - HikariPool-1 - Start completed.
2025-06-22 00:47:07 [WARN ] org.hibernate.orm.deprecation - HHH90000025: PostgreSQLDialect does not need to be specified explicitly using 'hibernate.dialect' (remove the property setting and it will be selected by default)
2025-06-22 00:47:07 [INFO ] o.hibernate.orm.connections.pooling - HHH10001005: Database info:
	Database JDBC URL [Connecting through datasource 'HikariDataSource (HikariPool-1)']
	Database driver: undefined/unknown
	Database version: 14.1
	Autocommit mode: undefined/unknown
	Isolation level: undefined/unknown
	Minimum pool size: undefined/unknown
	Maximum pool size: undefined/unknown
2025-06-22 00:47:08 [INFO ] o.h.e.t.j.p.i.JtaPlatformInitiator - HHH000489: No JTA platform available (set 'hibernate.transaction.jta.platform' to enable JTA platform integration)
2025-06-22 00:47:08 [INFO ] o.s.o.j.LocalContainerEntityManagerFactoryBean - Initialized JPA EntityManagerFactory for persistence unit 'default'
2025-06-22 00:47:09 [INFO ] o.s.b.w.e.netty.NettyWebServer - Netty started on port 8090 (http)
2025-06-22 00:47:09 [INFO ] c.demo.ecommerce.SpringEcommerceMain - Started SpringEcommerceMain in 5.115 seconds (process running for 5.675)
2025-06-22 00:47:49 [INFO ] c.d.e.controller.AuthController - Generate Token: eyJhbGciOiJIUzI1NiJ9.eyJzdWIiOiJ0b21jYXQiLCJleHAiOjE3NTA1NTY4NjksImlhdCI6MTc1MDU1MzI2OX0.jVU1A9zDBrXHMc5rJRHgqkUSWbfTRB2aR5T0qHHKUPo
2025-06-22 00:49:10 [INFO ] o.h.validator.internal.util.Version - HV000001: Hibernate Validator 8.0.2.Final
2025-06-22 00:49:11 [INFO ] c.demo.ecommerce.SpringEcommerceMain - Starting SpringEcommerceMain using Java 17.0.4.1 with PID 4148 (G:\work\eclipse-workspace-interview\ecommerce-demo\target\classes started by pagan in G:\work\eclipse-workspace-interview\ecommerce-demo)
2025-06-22 00:49:11 [INFO ] c.demo.ecommerce.SpringEcommerceMain - No active profile set, falling back to 1 default profile: "default"
2025-06-22 00:49:11 [INFO ] o.s.d.r.c.RepositoryConfigurationDelegate - Bootstrapping Spring Data JPA repositories in DEFAULT mode.
2025-06-22 00:49:11 [INFO ] o.s.d.r.c.RepositoryConfigurationDelegate - Finished Spring Data repository scanning in 176 ms. Found 3 JPA repository interfaces.
2025-06-22 00:49:12 [INFO ] o.h.jpa.internal.util.LogHelper - HHH000204: Processing PersistenceUnitInfo [name: default]
2025-06-22 00:49:12 [INFO ] org.hibernate.Version - HHH000412: Hibernate ORM core version 6.6.18.Final
2025-06-22 00:49:12 [INFO ] o.h.c.i.RegionFactoryInitiator - HHH000026: Second-level cache disabled
2025-06-22 00:49:13 [INFO ] o.s.o.j.p.SpringPersistenceUnitInfo - No LoadTimeWeaver setup: ignoring JPA class transformer
2025-06-22 00:49:13 [INFO ] com.zaxxer.hikari.HikariDataSource - HikariPool-1 - Starting...
2025-06-22 00:49:13 [INFO ] com.zaxxer.hikari.pool.HikariPool - HikariPool-1 - Added connection org.postgresql.jdbc.PgConnection@12c76d6e
2025-06-22 00:49:13 [INFO ] com.zaxxer.hikari.HikariDataSource - HikariPool-1 - Start completed.
2025-06-22 00:49:13 [WARN ] org.hibernate.orm.deprecation - HHH90000025: PostgreSQLDialect does not need to be specified explicitly using 'hibernate.dialect' (remove the property setting and it will be selected by default)
2025-06-22 00:49:13 [INFO ] o.hibernate.orm.connections.pooling - HHH10001005: Database info:
	Database JDBC URL [Connecting through datasource 'HikariDataSource (HikariPool-1)']
	Database driver: undefined/unknown
	Database version: 14.1
	Autocommit mode: undefined/unknown
	Isolation level: undefined/unknown
	Minimum pool size: undefined/unknown
	Maximum pool size: undefined/unknown
2025-06-22 00:49:14 [INFO ] o.h.e.t.j.p.i.JtaPlatformInitiator - HHH000489: No JTA platform available (set 'hibernate.transaction.jta.platform' to enable JTA platform integration)
2025-06-22 00:49:14 [INFO ] o.s.o.j.LocalContainerEntityManagerFactoryBean - Initialized JPA EntityManagerFactory for persistence unit 'default'
2025-06-22 00:49:16 [INFO ] o.s.b.w.e.netty.NettyWebServer - Netty started on port 8090 (http)
2025-06-22 00:49:16 [INFO ] c.demo.ecommerce.SpringEcommerceMain - Started SpringEcommerceMain in 5.657 seconds (process running for 6.515)
2025-06-22 00:49:29 [INFO ] c.d.e.controller.AuthController - Generate Token: eyJhbGciOiJIUzI1NiJ9.eyJzdWIiOiJ0b21jYXQiLCJleHAiOjE3NTA1NTY5NjksImlhdCI6MTc1MDU1MzM2OX0.oVoowKoErpLKPIxZAxGHf4lRXYYdcmT1XvtF7nkkDQo
2025-06-22 01:08:41 [INFO ] o.h.validator.internal.util.Version - HV000001: Hibernate Validator 8.0.2.Final
2025-06-22 01:08:41 [INFO ] c.demo.ecommerce.SpringEcommerceMain - Starting SpringEcommerceMain using Java 17.0.4.1 with PID 23348 (G:\work\eclipse-workspace-interview\ecommerce-demo\target\classes started by pagan in G:\work\eclipse-workspace-interview\ecommerce-demo)
2025-06-22 01:08:41 [INFO ] c.demo.ecommerce.SpringEcommerceMain - No active profile set, falling back to 1 default profile: "default"
2025-06-22 01:08:42 [INFO ] o.s.d.r.c.RepositoryConfigurationDelegate - Bootstrapping Spring Data JPA repositories in DEFAULT mode.
2025-06-22 01:08:42 [INFO ] o.s.d.r.c.RepositoryConfigurationDelegate - Finished Spring Data repository scanning in 178 ms. Found 3 JPA repository interfaces.
2025-06-22 01:08:43 [INFO ] o.h.jpa.internal.util.LogHelper - HHH000204: Processing PersistenceUnitInfo [name: default]
2025-06-22 01:08:43 [INFO ] org.hibernate.Version - HHH000412: Hibernate ORM core version 6.6.18.Final
2025-06-22 01:08:43 [INFO ] o.h.c.i.RegionFactoryInitiator - HHH000026: Second-level cache disabled
2025-06-22 01:08:43 [INFO ] o.s.o.j.p.SpringPersistenceUnitInfo - No LoadTimeWeaver setup: ignoring JPA class transformer
2025-06-22 01:08:43 [INFO ] com.zaxxer.hikari.HikariDataSource - HikariPool-1 - Starting...
2025-06-22 01:08:44 [INFO ] com.zaxxer.hikari.pool.HikariPool - HikariPool-1 - Added connection org.postgresql.jdbc.PgConnection@5d27b4c1
2025-06-22 01:08:44 [INFO ] com.zaxxer.hikari.HikariDataSource - HikariPool-1 - Start completed.
2025-06-22 01:08:44 [WARN ] org.hibernate.orm.deprecation - HHH90000025: PostgreSQLDialect does not need to be specified explicitly using 'hibernate.dialect' (remove the property setting and it will be selected by default)
2025-06-22 01:08:44 [INFO ] o.hibernate.orm.connections.pooling - HHH10001005: Database info:
	Database JDBC URL [Connecting through datasource 'HikariDataSource (HikariPool-1)']
	Database driver: undefined/unknown
	Database version: 14.1
	Autocommit mode: undefined/unknown
	Isolation level: undefined/unknown
	Minimum pool size: undefined/unknown
	Maximum pool size: undefined/unknown
2025-06-22 01:08:45 [INFO ] o.h.e.t.j.p.i.JtaPlatformInitiator - HHH000489: No JTA platform available (set 'hibernate.transaction.jta.platform' to enable JTA platform integration)
2025-06-22 01:08:45 [INFO ] o.s.o.j.LocalContainerEntityManagerFactoryBean - Initialized JPA EntityManagerFactory for persistence unit 'default'
2025-06-22 01:08:46 [INFO ] o.s.b.w.e.netty.NettyWebServer - Netty started on port 8090 (http)
2025-06-22 01:08:46 [INFO ] c.demo.ecommerce.SpringEcommerceMain - Started SpringEcommerceMain in 5.548 seconds (process running for 6.455)
2025-06-22 01:09:12 [INFO ] c.d.e.controller.AuthController - Generate Token: eyJhbGciOiJIUzI1NiJ9.eyJzdWIiOiJ0b21jYXQiLCJleHAiOjE3NTA1NTgxNTIsImlhdCI6MTc1MDU1NDU1Mn0.fXMOOKtzTacELKueIEchJ5r9x-_UHYaNyPJpzgVLIuA
2025-06-22 01:09:47 [INFO ] o.h.validator.internal.util.Version - HV000001: Hibernate Validator 8.0.2.Final
2025-06-22 01:09:47 [INFO ] c.demo.ecommerce.SpringEcommerceMain - Starting SpringEcommerceMain using Java 17.0.4.1 with PID 12272 (G:\work\eclipse-workspace-interview\ecommerce-demo\target\classes started by pagan in G:\work\eclipse-workspace-interview\ecommerce-demo)
2025-06-22 01:09:47 [INFO ] c.demo.ecommerce.SpringEcommerceMain - No active profile set, falling back to 1 default profile: "default"
2025-06-22 01:09:48 [INFO ] o.s.d.r.c.RepositoryConfigurationDelegate - Bootstrapping Spring Data JPA repositories in DEFAULT mode.
2025-06-22 01:09:48 [INFO ] o.s.d.r.c.RepositoryConfigurationDelegate - Finished Spring Data repository scanning in 171 ms. Found 3 JPA repository interfaces.
2025-06-22 01:09:49 [INFO ] o.h.jpa.internal.util.LogHelper - HHH000204: Processing PersistenceUnitInfo [name: default]
2025-06-22 01:09:49 [INFO ] org.hibernate.Version - HHH000412: Hibernate ORM core version 6.6.18.Final
2025-06-22 01:09:49 [INFO ] o.h.c.i.RegionFactoryInitiator - HHH000026: Second-level cache disabled
2025-06-22 01:09:50 [INFO ] o.s.o.j.p.SpringPersistenceUnitInfo - No LoadTimeWeaver setup: ignoring JPA class transformer
2025-06-22 01:09:50 [INFO ] com.zaxxer.hikari.HikariDataSource - HikariPool-1 - Starting...
2025-06-22 01:09:50 [INFO ] com.zaxxer.hikari.pool.HikariPool - HikariPool-1 - Added connection org.postgresql.jdbc.PgConnection@2ab8589a
2025-06-22 01:09:50 [INFO ] com.zaxxer.hikari.HikariDataSource - HikariPool-1 - Start completed.
2025-06-22 01:09:50 [WARN ] org.hibernate.orm.deprecation - HHH90000025: PostgreSQLDialect does not need to be specified explicitly using 'hibernate.dialect' (remove the property setting and it will be selected by default)
2025-06-22 01:09:50 [INFO ] o.hibernate.orm.connections.pooling - HHH10001005: Database info:
	Database JDBC URL [Connecting through datasource 'HikariDataSource (HikariPool-1)']
	Database driver: undefined/unknown
	Database version: 14.1
	Autocommit mode: undefined/unknown
	Isolation level: undefined/unknown
	Minimum pool size: undefined/unknown
	Maximum pool size: undefined/unknown
2025-06-22 01:09:51 [INFO ] o.h.e.t.j.p.i.JtaPlatformInitiator - HHH000489: No JTA platform available (set 'hibernate.transaction.jta.platform' to enable JTA platform integration)
2025-06-22 01:09:51 [INFO ] o.s.o.j.LocalContainerEntityManagerFactoryBean - Initialized JPA EntityManagerFactory for persistence unit 'default'
2025-06-22 01:09:53 [INFO ] o.s.b.w.e.netty.NettyWebServer - Netty started on port 8090 (http)
2025-06-22 01:09:53 [INFO ] c.demo.ecommerce.SpringEcommerceMain - Started SpringEcommerceMain in 5.525 seconds (process running for 6.396)
2025-06-22 01:10:07 [INFO ] c.d.e.controller.AuthController - Generate Token: eyJhbGciOiJIUzI1NiJ9.eyJzdWIiOiJ0b21jYXQiLCJleHAiOjE3NTA1NTgyMDcsImlhdCI6MTc1MDU1NDYwN30.pHHPBfyM_r-qYe4Wh_HKgHS0aDxcT6HTkYF2nAgc_Dc
2025-06-22 01:15:50 [INFO ] o.h.validator.internal.util.Version - HV000001: Hibernate Validator 8.0.2.Final
2025-06-22 01:15:50 [INFO ] c.demo.ecommerce.SpringEcommerceMain - Starting SpringEcommerceMain using Java 17.0.4.1 with PID 12532 (G:\work\eclipse-workspace-interview\ecommerce-demo\target\classes started by pagan in G:\work\eclipse-workspace-interview\ecommerce-demo)
2025-06-22 01:15:50 [INFO ] c.demo.ecommerce.SpringEcommerceMain - No active profile set, falling back to 1 default profile: "default"
2025-06-22 01:15:50 [INFO ] o.s.d.r.c.RepositoryConfigurationDelegate - Bootstrapping Spring Data JPA repositories in DEFAULT mode.
2025-06-22 01:15:51 [INFO ] o.s.d.r.c.RepositoryConfigurationDelegate - Finished Spring Data repository scanning in 173 ms. Found 3 JPA repository interfaces.
2025-06-22 01:15:51 [INFO ] o.h.jpa.internal.util.LogHelper - HHH000204: Processing PersistenceUnitInfo [name: default]
2025-06-22 01:15:51 [INFO ] org.hibernate.Version - HHH000412: Hibernate ORM core version 6.6.18.Final
2025-06-22 01:15:52 [INFO ] o.h.c.i.RegionFactoryInitiator - HHH000026: Second-level cache disabled
2025-06-22 01:15:52 [INFO ] o.s.o.j.p.SpringPersistenceUnitInfo - No LoadTimeWeaver setup: ignoring JPA class transformer
2025-06-22 01:15:52 [INFO ] com.zaxxer.hikari.HikariDataSource - HikariPool-1 - Starting...
2025-06-22 01:15:52 [INFO ] com.zaxxer.hikari.pool.HikariPool - HikariPool-1 - Added connection org.postgresql.jdbc.PgConnection@2ab8589a
2025-06-22 01:15:52 [INFO ] com.zaxxer.hikari.HikariDataSource - HikariPool-1 - Start completed.
2025-06-22 01:15:52 [WARN ] org.hibernate.orm.deprecation - HHH90000025: PostgreSQLDialect does not need to be specified explicitly using 'hibernate.dialect' (remove the property setting and it will be selected by default)
2025-06-22 01:15:52 [INFO ] o.hibernate.orm.connections.pooling - HHH10001005: Database info:
	Database JDBC URL [Connecting through datasource 'HikariDataSource (HikariPool-1)']
	Database driver: undefined/unknown
	Database version: 14.1
	Autocommit mode: undefined/unknown
	Isolation level: undefined/unknown
	Minimum pool size: undefined/unknown
	Maximum pool size: undefined/unknown
2025-06-22 01:15:53 [INFO ] o.h.e.t.j.p.i.JtaPlatformInitiator - HHH000489: No JTA platform available (set 'hibernate.transaction.jta.platform' to enable JTA platform integration)
2025-06-22 01:15:54 [INFO ] o.s.o.j.LocalContainerEntityManagerFactoryBean - Initialized JPA EntityManagerFactory for persistence unit 'default'
2025-06-22 01:15:55 [INFO ] o.s.b.w.e.netty.NettyWebServer - Netty started on port 8090 (http)
2025-06-22 01:15:55 [INFO ] c.demo.ecommerce.SpringEcommerceMain - Started SpringEcommerceMain in 5.607 seconds (process running for 6.496)
2025-06-22 01:16:04 [INFO ] c.d.e.controller.AuthController - Generate Token: eyJhbGciOiJIUzI1NiJ9.eyJzdWIiOiJ0b21jYXQiLCJleHAiOjE3NTA1NTg1NjQsImlhdCI6MTc1MDU1NDk2NH0.9VipjpmygucG9G82AlM3t39VV3QNkaclGDlcwAsS_mg
2025-06-22 01:33:12 [INFO ] o.h.validator.internal.util.Version - HV000001: Hibernate Validator 8.0.2.Final
2025-06-22 01:33:12 [INFO ] c.demo.ecommerce.SpringEcommerceMain - Starting SpringEcommerceMain using Java 17.0.4.1 with PID 12984 (G:\work\eclipse-workspace-interview\ecommerce-demo\target\classes started by pagan in G:\work\eclipse-workspace-interview\ecommerce-demo)
2025-06-22 01:33:12 [INFO ] c.demo.ecommerce.SpringEcommerceMain - No active profile set, falling back to 1 default profile: "default"
2025-06-22 01:33:12 [INFO ] o.s.d.r.c.RepositoryConfigurationDelegate - Bootstrapping Spring Data JPA repositories in DEFAULT mode.
2025-06-22 01:33:12 [WARN ] o.s.b.w.r.c.AnnotationConfigReactiveWebServerApplicationContext - Exception encountered during context initialization - cancelling refresh attempt: java.lang.IllegalArgumentException: @ComponentScan ANNOTATION type filter requires an annotation type: interface com.demo.ecommerce.dao.BaseDao
2025-06-22 01:33:12 [INFO ] o.s.b.a.l.ConditionEvaluationReportLogger - 

Error starting ApplicationContext. To display the condition evaluation report re-run your application with 'debug' enabled.
2025-06-22 01:34:50 [INFO ] o.h.validator.internal.util.Version - HV000001: Hibernate Validator 8.0.2.Final
2025-06-22 01:34:50 [INFO ] c.demo.ecommerce.SpringEcommerceMain - Starting SpringEcommerceMain using Java 17.0.4.1 with PID 12868 (G:\work\eclipse-workspace-interview\ecommerce-demo\target\classes started by pagan in G:\work\eclipse-workspace-interview\ecommerce-demo)
2025-06-22 01:34:50 [INFO ] c.demo.ecommerce.SpringEcommerceMain - No active profile set, falling back to 1 default profile: "default"
2025-06-22 01:34:51 [INFO ] o.s.d.r.c.RepositoryConfigurationDelegate - Bootstrapping Spring Data JPA repositories in DEFAULT mode.
2025-06-22 01:34:51 [INFO ] o.s.d.r.c.RepositoryConfigurationDelegate - Finished Spring Data repository scanning in 4 ms. Found 0 JPA repository interfaces.
2025-06-22 01:34:52 [INFO ] o.h.jpa.internal.util.LogHelper - HHH000204: Processing PersistenceUnitInfo [name: default]
2025-06-22 01:34:52 [INFO ] org.hibernate.Version - HHH000412: Hibernate ORM core version 6.6.18.Final
2025-06-22 01:34:52 [INFO ] o.h.c.i.RegionFactoryInitiator - HHH000026: Second-level cache disabled
2025-06-22 01:34:52 [INFO ] o.s.o.j.p.SpringPersistenceUnitInfo - No LoadTimeWeaver setup: ignoring JPA class transformer
2025-06-22 01:34:52 [INFO ] com.zaxxer.hikari.HikariDataSource - HikariPool-1 - Starting...
2025-06-22 01:34:52 [INFO ] com.zaxxer.hikari.pool.HikariPool - HikariPool-1 - Added connection org.postgresql.jdbc.PgConnection@71e2c6d8
2025-06-22 01:34:52 [INFO ] com.zaxxer.hikari.HikariDataSource - HikariPool-1 - Start completed.
2025-06-22 01:34:52 [WARN ] org.hibernate.orm.deprecation - HHH90000025: PostgreSQLDialect does not need to be specified explicitly using 'hibernate.dialect' (remove the property setting and it will be selected by default)
2025-06-22 01:34:52 [INFO ] o.hibernate.orm.connections.pooling - HHH10001005: Database info:
	Database JDBC URL [Connecting through datasource 'HikariDataSource (HikariPool-1)']
	Database driver: undefined/unknown
	Database version: 14.1
	Autocommit mode: undefined/unknown
	Isolation level: undefined/unknown
	Minimum pool size: undefined/unknown
	Maximum pool size: undefined/unknown
2025-06-22 01:34:53 [INFO ] o.h.e.t.j.p.i.JtaPlatformInitiator - HHH000489: No JTA platform available (set 'hibernate.transaction.jta.platform' to enable JTA platform integration)
2025-06-22 01:34:53 [INFO ] o.s.o.j.LocalContainerEntityManagerFactoryBean - Initialized JPA EntityManagerFactory for persistence unit 'default'
2025-06-22 01:34:53 [WARN ] o.s.b.w.r.c.AnnotationConfigReactiveWebServerApplicationContext - Exception encountered during context initialization - cancelling refresh attempt: org.springframework.beans.factory.UnsatisfiedDependencyException: Error creating bean with name 'authController' defined in file [G:\work\eclipse-workspace-interview\ecommerce-demo\target\classes\com\demo\ecommerce\controller\AuthController.class]: Unsatisfied dependency expressed through constructor parameter 0: Error creating bean with name 'securityConfig' defined in file [G:\work\eclipse-workspace-interview\ecommerce-demo\target\classes\com\demo\ecommerce\security\SecurityConfig.class]: Unsatisfied dependency expressed through constructor parameter 0: Error creating bean with name 'reactiveUserDetailsServiceImpl' defined in file [G:\work\eclipse-workspace-interview\ecommerce-demo\target\classes\com\demo\ecommerce\security\ReactiveUserDetailsServiceImpl.class]: Unsatisfied dependency expressed through constructor parameter 0: Error creating bean with name 'userService' defined in file [G:\work\eclipse-workspace-interview\ecommerce-demo\target\classes\com\demo\ecommerce\service\UserService.class]: Unsatisfied dependency expressed through constructor parameter 0: No qualifying bean of type 'com.demo.ecommerce.dao.UserDao' available: expected at least 1 bean which qualifies as autowire candidate. Dependency annotations: {}
2025-06-22 01:34:53 [INFO ] o.s.o.j.LocalContainerEntityManagerFactoryBean - Closing JPA EntityManagerFactory for persistence unit 'default'
2025-06-22 01:34:53 [INFO ] com.zaxxer.hikari.HikariDataSource - HikariPool-1 - Shutdown initiated...
2025-06-22 01:34:53 [INFO ] com.zaxxer.hikari.HikariDataSource - HikariPool-1 - Shutdown completed.
2025-06-22 01:34:53 [INFO ] o.s.b.a.l.ConditionEvaluationReportLogger - 

Error starting ApplicationContext. To display the condition evaluation report re-run your application with 'debug' enabled.
2025-06-22 01:36:58 [INFO ] o.h.validator.internal.util.Version - HV000001: Hibernate Validator 8.0.2.Final
2025-06-22 01:36:58 [INFO ] c.demo.ecommerce.SpringEcommerceMain - Starting SpringEcommerceMain using Java 17.0.4.1 with PID 27464 (G:\work\eclipse-workspace-interview\ecommerce-demo\target\classes started by pagan in G:\work\eclipse-workspace-interview\ecommerce-demo)
2025-06-22 01:36:58 [INFO ] c.demo.ecommerce.SpringEcommerceMain - No active profile set, falling back to 1 default profile: "default"
2025-06-22 01:36:59 [INFO ] o.s.d.r.c.RepositoryConfigurationDelegate - Bootstrapping Spring Data JPA repositories in DEFAULT mode.
2025-06-22 01:36:59 [INFO ] o.s.d.r.c.RepositoryConfigurationDelegate - Finished Spring Data repository scanning in 164 ms. Found 4 JPA repository interfaces.
2025-06-22 01:37:00 [INFO ] o.h.jpa.internal.util.LogHelper - HHH000204: Processing PersistenceUnitInfo [name: default]
2025-06-22 01:37:00 [INFO ] org.hibernate.Version - HHH000412: Hibernate ORM core version 6.6.18.Final
2025-06-22 01:37:00 [INFO ] o.h.c.i.RegionFactoryInitiator - HHH000026: Second-level cache disabled
2025-06-22 01:37:00 [INFO ] o.s.o.j.p.SpringPersistenceUnitInfo - No LoadTimeWeaver setup: ignoring JPA class transformer
2025-06-22 01:37:00 [INFO ] com.zaxxer.hikari.HikariDataSource - HikariPool-1 - Starting...
2025-06-22 01:37:01 [INFO ] com.zaxxer.hikari.pool.HikariPool - HikariPool-1 - Added connection org.postgresql.jdbc.PgConnection@3313463c
2025-06-22 01:37:01 [INFO ] com.zaxxer.hikari.HikariDataSource - HikariPool-1 - Start completed.
2025-06-22 01:37:01 [WARN ] org.hibernate.orm.deprecation - HHH90000025: PostgreSQLDialect does not need to be specified explicitly using 'hibernate.dialect' (remove the property setting and it will be selected by default)
2025-06-22 01:37:01 [INFO ] o.hibernate.orm.connections.pooling - HHH10001005: Database info:
	Database JDBC URL [Connecting through datasource 'HikariDataSource (HikariPool-1)']
	Database driver: undefined/unknown
	Database version: 14.1
	Autocommit mode: undefined/unknown
	Isolation level: undefined/unknown
	Minimum pool size: undefined/unknown
	Maximum pool size: undefined/unknown
2025-06-22 01:37:01 [INFO ] o.h.e.t.j.p.i.JtaPlatformInitiator - HHH000489: No JTA platform available (set 'hibernate.transaction.jta.platform' to enable JTA platform integration)
2025-06-22 01:37:02 [INFO ] o.s.o.j.LocalContainerEntityManagerFactoryBean - Initialized JPA EntityManagerFactory for persistence unit 'default'
2025-06-22 01:37:02 [WARN ] o.s.b.w.r.c.AnnotationConfigReactiveWebServerApplicationContext - Exception encountered during context initialization - cancelling refresh attempt: org.springframework.beans.factory.BeanCreationException: Error creating bean with name 'baseDao' defined in com.demo.ecommerce.dao.BaseDao defined in @EnableJpaRepositories declared on JpaConfig: Not a managed type: class java.lang.Object
2025-06-22 01:37:02 [INFO ] o.s.o.j.LocalContainerEntityManagerFactoryBean - Closing JPA EntityManagerFactory for persistence unit 'default'
2025-06-22 01:37:02 [INFO ] com.zaxxer.hikari.HikariDataSource - HikariPool-1 - Shutdown initiated...
2025-06-22 01:37:02 [INFO ] com.zaxxer.hikari.HikariDataSource - HikariPool-1 - Shutdown completed.
2025-06-22 01:37:02 [INFO ] o.s.b.a.l.ConditionEvaluationReportLogger - 

Error starting ApplicationContext. To display the condition evaluation report re-run your application with 'debug' enabled.
2025-06-22 01:37:57 [INFO ] o.h.validator.internal.util.Version - HV000001: Hibernate Validator 8.0.2.Final
2025-06-22 01:37:57 [INFO ] c.demo.ecommerce.SpringEcommerceMain - Starting SpringEcommerceMain using Java 17.0.4.1 with PID 17896 (G:\work\eclipse-workspace-interview\ecommerce-demo\target\classes started by pagan in G:\work\eclipse-workspace-interview\ecommerce-demo)
2025-06-22 01:37:57 [INFO ] c.demo.ecommerce.SpringEcommerceMain - No active profile set, falling back to 1 default profile: "default"
2025-06-22 01:37:58 [INFO ] o.s.d.r.c.RepositoryConfigurationDelegate - Bootstrapping Spring Data JPA repositories in DEFAULT mode.
2025-06-22 01:37:58 [INFO ] o.s.d.r.c.RepositoryConfigurationDelegate - Finished Spring Data repository scanning in 124 ms. Found 3 JPA repository interfaces.
2025-06-22 01:37:58 [INFO ] o.h.jpa.internal.util.LogHelper - HHH000204: Processing PersistenceUnitInfo [name: default]
2025-06-22 01:37:58 [INFO ] org.hibernate.Version - HHH000412: Hibernate ORM core version 6.6.18.Final
2025-06-22 01:37:58 [INFO ] o.h.c.i.RegionFactoryInitiator - HHH000026: Second-level cache disabled
2025-06-22 01:37:59 [INFO ] o.s.o.j.p.SpringPersistenceUnitInfo - No LoadTimeWeaver setup: ignoring JPA class transformer
2025-06-22 01:37:59 [INFO ] com.zaxxer.hikari.HikariDataSource - HikariPool-1 - Starting...
2025-06-22 01:37:59 [INFO ] com.zaxxer.hikari.pool.HikariPool - HikariPool-1 - Added connection org.postgresql.jdbc.PgConnection@595fed99
2025-06-22 01:37:59 [INFO ] com.zaxxer.hikari.HikariDataSource - HikariPool-1 - Start completed.
2025-06-22 01:37:59 [WARN ] org.hibernate.orm.deprecation - HHH90000025: PostgreSQLDialect does not need to be specified explicitly using 'hibernate.dialect' (remove the property setting and it will be selected by default)
2025-06-22 01:37:59 [INFO ] o.hibernate.orm.connections.pooling - HHH10001005: Database info:
	Database JDBC URL [Connecting through datasource 'HikariDataSource (HikariPool-1)']
	Database driver: undefined/unknown
	Database version: 14.1
	Autocommit mode: undefined/unknown
	Isolation level: undefined/unknown
	Minimum pool size: undefined/unknown
	Maximum pool size: undefined/unknown
2025-06-22 01:38:00 [INFO ] o.h.e.t.j.p.i.JtaPlatformInitiator - HHH000489: No JTA platform available (set 'hibernate.transaction.jta.platform' to enable JTA platform integration)
2025-06-22 01:38:00 [INFO ] o.s.o.j.LocalContainerEntityManagerFactoryBean - Initialized JPA EntityManagerFactory for persistence unit 'default'
2025-06-22 01:38:01 [INFO ] o.s.b.w.e.netty.NettyWebServer - Netty started on port 8090 (http)
2025-06-22 01:38:01 [INFO ] c.demo.ecommerce.SpringEcommerceMain - Started SpringEcommerceMain in 4.526 seconds (process running for 5.051)
2025-06-22 02:37:56 [INFO ] o.h.validator.internal.util.Version - HV000001: Hibernate Validator 8.0.2.Final
2025-06-22 02:37:56 [INFO ] c.demo.ecommerce.SpringEcommerceMain - Starting SpringEcommerceMain using Java 17.0.4.1 with PID 20804 (G:\work\eclipse-workspace-interview\ecommerce-demo\target\classes started by pagan in G:\work\eclipse-workspace-interview\ecommerce-demo)
2025-06-22 02:37:56 [INFO ] c.demo.ecommerce.SpringEcommerceMain - No active profile set, falling back to 1 default profile: "default"
2025-06-22 02:37:57 [INFO ] o.s.d.r.c.RepositoryConfigurationDelegate - Bootstrapping Spring Data JPA repositories in DEFAULT mode.
2025-06-22 02:37:57 [INFO ] o.s.d.r.c.RepositoryConfigurationDelegate - Finished Spring Data repository scanning in 123 ms. Found 3 JPA repository interfaces.
2025-06-22 02:37:58 [INFO ] o.h.jpa.internal.util.LogHelper - HHH000204: Processing PersistenceUnitInfo [name: default]
2025-06-22 02:37:58 [INFO ] org.hibernate.Version - HHH000412: Hibernate ORM core version 6.6.18.Final
2025-06-22 02:37:58 [INFO ] o.h.c.i.RegionFactoryInitiator - HHH000026: Second-level cache disabled
2025-06-22 02:37:59 [INFO ] o.s.o.j.p.SpringPersistenceUnitInfo - No LoadTimeWeaver setup: ignoring JPA class transformer
2025-06-22 02:37:59 [INFO ] com.zaxxer.hikari.HikariDataSource - HikariPool-1 - Starting...
2025-06-22 02:37:59 [INFO ] com.zaxxer.hikari.pool.HikariPool - HikariPool-1 - Added connection org.postgresql.jdbc.PgConnection@1bfa5a13
2025-06-22 02:37:59 [INFO ] com.zaxxer.hikari.HikariDataSource - HikariPool-1 - Start completed.
2025-06-22 02:37:59 [WARN ] org.hibernate.orm.deprecation - HHH90000025: PostgreSQLDialect does not need to be specified explicitly using 'hibernate.dialect' (remove the property setting and it will be selected by default)
2025-06-22 02:37:59 [INFO ] o.hibernate.orm.connections.pooling - HHH10001005: Database info:
	Database JDBC URL [Connecting through datasource 'HikariDataSource (HikariPool-1)']
	Database driver: undefined/unknown
	Database version: 14.1
	Autocommit mode: undefined/unknown
	Isolation level: undefined/unknown
	Minimum pool size: undefined/unknown
	Maximum pool size: undefined/unknown
2025-06-22 02:38:00 [INFO ] o.h.e.t.j.p.i.JtaPlatformInitiator - HHH000489: No JTA platform available (set 'hibernate.transaction.jta.platform' to enable JTA platform integration)
2025-06-22 02:38:00 [INFO ] o.s.o.j.LocalContainerEntityManagerFactoryBean - Initialized JPA EntityManagerFactory for persistence unit 'default'
2025-06-22 02:38:01 [INFO ] o.s.b.w.e.netty.NettyWebServer - Netty started on port 8090 (http)
2025-06-22 02:38:01 [INFO ] c.demo.ecommerce.SpringEcommerceMain - Started SpringEcommerceMain in 5.213 seconds (process running for 5.741)
2025-06-22 02:38:24 [INFO ] c.d.e.controller.AuthController - Generate Token: eyJhbGciOiJIUzI1NiJ9.eyJzdWIiOiJ0b21jYXQiLCJleHAiOjE3NTA1NjM1MDMsImlhdCI6MTc1MDU1OTkwM30.QUci3krKuW3TBWrf-JLP0Fs_6zC486jrYc_n9pkXzYI
2025-06-22 02:43:37 [INFO ] o.h.validator.internal.util.Version - HV000001: Hibernate Validator 8.0.2.Final
2025-06-22 02:43:38 [INFO ] c.demo.ecommerce.SpringEcommerceMain - Starting SpringEcommerceMain using Java 17.0.4.1 with PID 13096 (G:\work\eclipse-workspace-interview\ecommerce-demo\target\classes started by pagan in G:\work\eclipse-workspace-interview\ecommerce-demo)
2025-06-22 02:43:38 [INFO ] c.demo.ecommerce.SpringEcommerceMain - No active profile set, falling back to 1 default profile: "default"
2025-06-22 02:43:38 [INFO ] o.s.d.r.c.RepositoryConfigurationDelegate - Bootstrapping Spring Data JPA repositories in DEFAULT mode.
2025-06-22 02:43:38 [INFO ] o.s.d.r.c.RepositoryConfigurationDelegate - Finished Spring Data repository scanning in 128 ms. Found 3 JPA repository interfaces.
2025-06-22 02:43:39 [INFO ] o.h.jpa.internal.util.LogHelper - HHH000204: Processing PersistenceUnitInfo [name: default]
2025-06-22 02:43:39 [INFO ] org.hibernate.Version - HHH000412: Hibernate ORM core version 6.6.18.Final
2025-06-22 02:43:39 [INFO ] o.h.c.i.RegionFactoryInitiator - HHH000026: Second-level cache disabled
2025-06-22 02:43:39 [INFO ] o.s.o.j.p.SpringPersistenceUnitInfo - No LoadTimeWeaver setup: ignoring JPA class transformer
2025-06-22 02:43:39 [INFO ] com.zaxxer.hikari.HikariDataSource - HikariPool-1 - Starting...
2025-06-22 02:43:39 [INFO ] com.zaxxer.hikari.pool.HikariPool - HikariPool-1 - Added connection org.postgresql.jdbc.PgConnection@734a149a
2025-06-22 02:43:39 [INFO ] com.zaxxer.hikari.HikariDataSource - HikariPool-1 - Start completed.
2025-06-22 02:43:39 [WARN ] org.hibernate.orm.deprecation - HHH90000025: PostgreSQLDialect does not need to be specified explicitly using 'hibernate.dialect' (remove the property setting and it will be selected by default)
2025-06-22 02:43:40 [INFO ] o.hibernate.orm.connections.pooling - HHH10001005: Database info:
	Database JDBC URL [Connecting through datasource 'HikariDataSource (HikariPool-1)']
	Database driver: undefined/unknown
	Database version: 14.1
	Autocommit mode: undefined/unknown
	Isolation level: undefined/unknown
	Minimum pool size: undefined/unknown
	Maximum pool size: undefined/unknown
2025-06-22 02:43:40 [INFO ] o.h.e.t.j.p.i.JtaPlatformInitiator - HHH000489: No JTA platform available (set 'hibernate.transaction.jta.platform' to enable JTA platform integration)
2025-06-22 02:43:41 [INFO ] o.s.o.j.LocalContainerEntityManagerFactoryBean - Initialized JPA EntityManagerFactory for persistence unit 'default'
2025-06-22 02:43:42 [INFO ] o.s.b.w.e.netty.NettyWebServer - Netty started on port 8090 (http)
2025-06-22 02:43:42 [INFO ] c.demo.ecommerce.SpringEcommerceMain - Started SpringEcommerceMain in 4.625 seconds (process running for 5.141)
2025-06-22 02:45:36 [INFO ] o.h.validator.internal.util.Version - HV000001: Hibernate Validator 8.0.2.Final
2025-06-22 02:45:36 [INFO ] c.demo.ecommerce.SpringEcommerceMain - Starting SpringEcommerceMain using Java 17.0.4.1 with PID 10952 (G:\work\eclipse-workspace-interview\ecommerce-demo\target\classes started by pagan in G:\work\eclipse-workspace-interview\ecommerce-demo)
2025-06-22 02:45:36 [INFO ] c.demo.ecommerce.SpringEcommerceMain - No active profile set, falling back to 1 default profile: "default"
2025-06-22 02:45:37 [INFO ] o.s.d.r.c.RepositoryConfigurationDelegate - Bootstrapping Spring Data JPA repositories in DEFAULT mode.
2025-06-22 02:45:37 [INFO ] o.s.d.r.c.RepositoryConfigurationDelegate - Finished Spring Data repository scanning in 131 ms. Found 3 JPA repository interfaces.
2025-06-22 02:45:38 [INFO ] o.h.jpa.internal.util.LogHelper - HHH000204: Processing PersistenceUnitInfo [name: default]
2025-06-22 02:45:38 [INFO ] org.hibernate.Version - HHH000412: Hibernate ORM core version 6.6.18.Final
2025-06-22 02:45:38 [INFO ] o.h.c.i.RegionFactoryInitiator - HHH000026: Second-level cache disabled
2025-06-22 02:45:38 [INFO ] o.s.o.j.p.SpringPersistenceUnitInfo - No LoadTimeWeaver setup: ignoring JPA class transformer
2025-06-22 02:45:38 [INFO ] com.zaxxer.hikari.HikariDataSource - HikariPool-1 - Starting...
2025-06-22 02:45:38 [INFO ] com.zaxxer.hikari.pool.HikariPool - HikariPool-1 - Added connection org.postgresql.jdbc.PgConnection@18e6b72b
2025-06-22 02:45:38 [INFO ] com.zaxxer.hikari.HikariDataSource - HikariPool-1 - Start completed.
2025-06-22 02:45:38 [WARN ] org.hibernate.orm.deprecation - HHH90000025: PostgreSQLDialect does not need to be specified explicitly using 'hibernate.dialect' (remove the property setting and it will be selected by default)
2025-06-22 02:45:38 [INFO ] o.hibernate.orm.connections.pooling - HHH10001005: Database info:
	Database JDBC URL [Connecting through datasource 'HikariDataSource (HikariPool-1)']
	Database driver: undefined/unknown
	Database version: 14.1
	Autocommit mode: undefined/unknown
	Isolation level: undefined/unknown
	Minimum pool size: undefined/unknown
	Maximum pool size: undefined/unknown
2025-06-22 02:45:39 [INFO ] o.h.e.t.j.p.i.JtaPlatformInitiator - HHH000489: No JTA platform available (set 'hibernate.transaction.jta.platform' to enable JTA platform integration)
2025-06-22 02:45:39 [INFO ] o.s.o.j.LocalContainerEntityManagerFactoryBean - Initialized JPA EntityManagerFactory for persistence unit 'default'
2025-06-22 02:45:40 [INFO ] o.s.b.w.e.netty.NettyWebServer - Netty started on port 8090 (http)
2025-06-22 02:45:40 [INFO ] c.demo.ecommerce.SpringEcommerceMain - Started SpringEcommerceMain in 4.659 seconds (process running for 5.199)
2025-06-22 02:46:52 [INFO ] o.h.validator.internal.util.Version - HV000001: Hibernate Validator 8.0.2.Final
2025-06-22 02:46:52 [INFO ] c.demo.ecommerce.SpringEcommerceMain - Starting SpringEcommerceMain using Java 17.0.4.1 with PID 7156 (G:\work\eclipse-workspace-interview\ecommerce-demo\target\classes started by pagan in G:\work\eclipse-workspace-interview\ecommerce-demo)
2025-06-22 02:46:52 [INFO ] c.demo.ecommerce.SpringEcommerceMain - No active profile set, falling back to 1 default profile: "default"
2025-06-22 02:46:52 [INFO ] o.s.d.r.c.RepositoryConfigurationDelegate - Bootstrapping Spring Data JPA repositories in DEFAULT mode.
2025-06-22 02:46:53 [INFO ] o.s.d.r.c.RepositoryConfigurationDelegate - Finished Spring Data repository scanning in 128 ms. Found 3 JPA repository interfaces.
2025-06-22 02:46:53 [INFO ] o.h.jpa.internal.util.LogHelper - HHH000204: Processing PersistenceUnitInfo [name: default]
2025-06-22 02:46:53 [INFO ] org.hibernate.Version - HHH000412: Hibernate ORM core version 6.6.18.Final
2025-06-22 02:46:53 [INFO ] o.h.c.i.RegionFactoryInitiator - HHH000026: Second-level cache disabled
2025-06-22 02:46:54 [INFO ] o.s.o.j.p.SpringPersistenceUnitInfo - No LoadTimeWeaver setup: ignoring JPA class transformer
2025-06-22 02:46:54 [INFO ] com.zaxxer.hikari.HikariDataSource - HikariPool-1 - Starting...
2025-06-22 02:46:54 [INFO ] com.zaxxer.hikari.pool.HikariPool - HikariPool-1 - Added connection org.postgresql.jdbc.PgConnection@153cfd86
2025-06-22 02:46:54 [INFO ] com.zaxxer.hikari.HikariDataSource - HikariPool-1 - Start completed.
2025-06-22 02:46:54 [WARN ] org.hibernate.orm.deprecation - HHH90000025: PostgreSQLDialect does not need to be specified explicitly using 'hibernate.dialect' (remove the property setting and it will be selected by default)
2025-06-22 02:46:54 [INFO ] o.hibernate.orm.connections.pooling - HHH10001005: Database info:
	Database JDBC URL [Connecting through datasource 'HikariDataSource (HikariPool-1)']
	Database driver: undefined/unknown
	Database version: 14.1
	Autocommit mode: undefined/unknown
	Isolation level: undefined/unknown
	Minimum pool size: undefined/unknown
	Maximum pool size: undefined/unknown
2025-06-22 02:46:55 [INFO ] o.h.e.t.j.p.i.JtaPlatformInitiator - HHH000489: No JTA platform available (set 'hibernate.transaction.jta.platform' to enable JTA platform integration)
2025-06-22 02:46:55 [INFO ] o.s.o.j.LocalContainerEntityManagerFactoryBean - Initialized JPA EntityManagerFactory for persistence unit 'default'
2025-06-22 02:46:56 [INFO ] o.s.b.w.e.netty.NettyWebServer - Netty started on port 8090 (http)
2025-06-22 02:46:56 [INFO ] c.demo.ecommerce.SpringEcommerceMain - Started SpringEcommerceMain in 4.589 seconds (process running for 5.129)
2025-06-22 02:49:31 [INFO ] o.h.validator.internal.util.Version - HV000001: Hibernate Validator 8.0.2.Final
2025-06-22 02:49:31 [INFO ] c.demo.ecommerce.SpringEcommerceMain - Starting SpringEcommerceMain using Java 17.0.4.1 with PID 15548 (G:\work\eclipse-workspace-interview\ecommerce-demo\target\classes started by pagan in G:\work\eclipse-workspace-interview\ecommerce-demo)
2025-06-22 02:49:31 [INFO ] c.demo.ecommerce.SpringEcommerceMain - No active profile set, falling back to 1 default profile: "default"
2025-06-22 02:49:31 [INFO ] o.s.d.r.c.RepositoryConfigurationDelegate - Bootstrapping Spring Data JPA repositories in DEFAULT mode.
2025-06-22 02:49:31 [INFO ] o.s.d.r.c.RepositoryConfigurationDelegate - Finished Spring Data repository scanning in 132 ms. Found 3 JPA repository interfaces.
2025-06-22 02:49:32 [INFO ] o.h.jpa.internal.util.LogHelper - HHH000204: Processing PersistenceUnitInfo [name: default]
2025-06-22 02:49:32 [INFO ] org.hibernate.Version - HHH000412: Hibernate ORM core version 6.6.18.Final
2025-06-22 02:49:32 [INFO ] o.h.c.i.RegionFactoryInitiator - HHH000026: Second-level cache disabled
2025-06-22 02:49:33 [INFO ] o.s.o.j.p.SpringPersistenceUnitInfo - No LoadTimeWeaver setup: ignoring JPA class transformer
2025-06-22 02:49:33 [INFO ] com.zaxxer.hikari.HikariDataSource - HikariPool-1 - Starting...
2025-06-22 02:49:33 [INFO ] com.zaxxer.hikari.pool.HikariPool - HikariPool-1 - Added connection org.postgresql.jdbc.PgConnection@628ba266
2025-06-22 02:49:33 [INFO ] com.zaxxer.hikari.HikariDataSource - HikariPool-1 - Start completed.
2025-06-22 02:49:33 [WARN ] org.hibernate.orm.deprecation - HHH90000025: PostgreSQLDialect does not need to be specified explicitly using 'hibernate.dialect' (remove the property setting and it will be selected by default)
2025-06-22 02:49:33 [INFO ] o.hibernate.orm.connections.pooling - HHH10001005: Database info:
	Database JDBC URL [Connecting through datasource 'HikariDataSource (HikariPool-1)']
	Database driver: undefined/unknown
	Database version: 14.1
	Autocommit mode: undefined/unknown
	Isolation level: undefined/unknown
	Minimum pool size: undefined/unknown
	Maximum pool size: undefined/unknown
2025-06-22 02:49:34 [INFO ] o.h.e.t.j.p.i.JtaPlatformInitiator - HHH000489: No JTA platform available (set 'hibernate.transaction.jta.platform' to enable JTA platform integration)
2025-06-22 02:49:34 [INFO ] o.s.o.j.LocalContainerEntityManagerFactoryBean - Initialized JPA EntityManagerFactory for persistence unit 'default'
2025-06-22 02:49:35 [INFO ] o.s.b.w.e.netty.NettyWebServer - Netty started on port 8090 (http)
2025-06-22 02:49:35 [INFO ] c.demo.ecommerce.SpringEcommerceMain - Started SpringEcommerceMain in 4.636 seconds (process running for 5.172)
2025-06-22 02:51:26 [INFO ] o.h.validator.internal.util.Version - HV000001: Hibernate Validator 8.0.2.Final
2025-06-22 02:51:26 [INFO ] c.demo.ecommerce.SpringEcommerceMain - Starting SpringEcommerceMain using Java 17.0.4.1 with PID 19244 (G:\work\eclipse-workspace-interview\ecommerce-demo\target\classes started by pagan in G:\work\eclipse-workspace-interview\ecommerce-demo)
2025-06-22 02:51:26 [INFO ] c.demo.ecommerce.SpringEcommerceMain - No active profile set, falling back to 1 default profile: "default"
2025-06-22 02:51:26 [INFO ] o.s.d.r.c.RepositoryConfigurationDelegate - Bootstrapping Spring Data JPA repositories in DEFAULT mode.
2025-06-22 02:51:27 [INFO ] o.s.d.r.c.RepositoryConfigurationDelegate - Finished Spring Data repository scanning in 128 ms. Found 3 JPA repository interfaces.
2025-06-22 02:51:27 [INFO ] o.h.jpa.internal.util.LogHelper - HHH000204: Processing PersistenceUnitInfo [name: default]
2025-06-22 02:51:27 [INFO ] org.hibernate.Version - HHH000412: Hibernate ORM core version 6.6.18.Final
2025-06-22 02:51:27 [INFO ] o.h.c.i.RegionFactoryInitiator - HHH000026: Second-level cache disabled
2025-06-22 02:51:28 [INFO ] o.s.o.j.p.SpringPersistenceUnitInfo - No LoadTimeWeaver setup: ignoring JPA class transformer
2025-06-22 02:51:28 [INFO ] com.zaxxer.hikari.HikariDataSource - HikariPool-1 - Starting...
2025-06-22 02:51:28 [INFO ] com.zaxxer.hikari.pool.HikariPool - HikariPool-1 - Added connection org.postgresql.jdbc.PgConnection@1bfa5a13
2025-06-22 02:51:28 [INFO ] com.zaxxer.hikari.HikariDataSource - HikariPool-1 - Start completed.
2025-06-22 02:51:28 [WARN ] org.hibernate.orm.deprecation - HHH90000025: PostgreSQLDialect does not need to be specified explicitly using 'hibernate.dialect' (remove the property setting and it will be selected by default)
2025-06-22 02:51:28 [INFO ] o.hibernate.orm.connections.pooling - HHH10001005: Database info:
	Database JDBC URL [Connecting through datasource 'HikariDataSource (HikariPool-1)']
	Database driver: undefined/unknown
	Database version: 14.1
	Autocommit mode: undefined/unknown
	Isolation level: undefined/unknown
	Minimum pool size: undefined/unknown
	Maximum pool size: undefined/unknown
2025-06-22 02:51:29 [INFO ] o.h.e.t.j.p.i.JtaPlatformInitiator - HHH000489: No JTA platform available (set 'hibernate.transaction.jta.platform' to enable JTA platform integration)
2025-06-22 02:51:29 [INFO ] o.s.o.j.LocalContainerEntityManagerFactoryBean - Initialized JPA EntityManagerFactory for persistence unit 'default'
2025-06-22 02:51:30 [INFO ] o.s.b.w.e.netty.NettyWebServer - Netty started on port 8090 (http)
2025-06-22 02:51:30 [INFO ] c.demo.ecommerce.SpringEcommerceMain - Started SpringEcommerceMain in 4.595 seconds (process running for 5.12)
2025-06-22 02:51:47 [INFO ] c.d.e.controller.AuthController - Generate Token: eyJhbGciOiJIUzI1NiJ9.eyJzdWIiOiJ0b21jYXQiLCJleHAiOjE3NTA1NjQzMDcsImlhdCI6MTc1MDU2MDcwN30.2yvj_YZI1iDbQDYTSU0K_dtjUjROaJ7x6TZff-pr9ZA
2025-06-22 02:52:10 [INFO ] c.d.e.controller.AuthController - Generate Token: eyJhbGciOiJIUzI1NiJ9.eyJzdWIiOiJ0b21jYXQiLCJleHAiOjE3NTA1NjQzMzAsImlhdCI6MTc1MDU2MDczMH0.asohMDyGYDfj1KfsVAjp7utv8ZuZWY2GGqXtzA8gtKY
2025-06-22 02:59:26 [INFO ] o.h.validator.internal.util.Version - HV000001: Hibernate Validator 8.0.2.Final
2025-06-22 02:59:26 [INFO ] c.demo.ecommerce.SpringEcommerceMain - Starting SpringEcommerceMain using Java 17.0.4.1 with PID 25888 (G:\work\eclipse-workspace-interview\ecommerce-demo\target\classes started by pagan in G:\work\eclipse-workspace-interview\ecommerce-demo)
2025-06-22 02:59:26 [INFO ] c.demo.ecommerce.SpringEcommerceMain - No active profile set, falling back to 1 default profile: "default"
2025-06-22 02:59:26 [INFO ] o.s.d.r.c.RepositoryConfigurationDelegate - Bootstrapping Spring Data JPA repositories in DEFAULT mode.
2025-06-22 02:59:26 [INFO ] o.s.d.r.c.RepositoryConfigurationDelegate - Finished Spring Data repository scanning in 124 ms. Found 3 JPA repository interfaces.
2025-06-22 02:59:27 [INFO ] o.h.jpa.internal.util.LogHelper - HHH000204: Processing PersistenceUnitInfo [name: default]
2025-06-22 02:59:27 [INFO ] org.hibernate.Version - HHH000412: Hibernate ORM core version 6.6.18.Final
2025-06-22 02:59:27 [INFO ] o.h.c.i.RegionFactoryInitiator - HHH000026: Second-level cache disabled
2025-06-22 02:59:28 [INFO ] o.s.o.j.p.SpringPersistenceUnitInfo - No LoadTimeWeaver setup: ignoring JPA class transformer
2025-06-22 02:59:28 [INFO ] com.zaxxer.hikari.HikariDataSource - HikariPool-1 - Starting...
2025-06-22 02:59:28 [INFO ] com.zaxxer.hikari.pool.HikariPool - HikariPool-1 - Added connection org.postgresql.jdbc.PgConnection@734a149a
2025-06-22 02:59:28 [INFO ] com.zaxxer.hikari.HikariDataSource - HikariPool-1 - Start completed.
2025-06-22 02:59:28 [WARN ] org.hibernate.orm.deprecation - HHH90000025: PostgreSQLDialect does not need to be specified explicitly using 'hibernate.dialect' (remove the property setting and it will be selected by default)
2025-06-22 02:59:28 [INFO ] o.hibernate.orm.connections.pooling - HHH10001005: Database info:
	Database JDBC URL [Connecting through datasource 'HikariDataSource (HikariPool-1)']
	Database driver: undefined/unknown
	Database version: 14.1
	Autocommit mode: undefined/unknown
	Isolation level: undefined/unknown
	Minimum pool size: undefined/unknown
	Maximum pool size: undefined/unknown
2025-06-22 02:59:29 [INFO ] o.h.e.t.j.p.i.JtaPlatformInitiator - HHH000489: No JTA platform available (set 'hibernate.transaction.jta.platform' to enable JTA platform integration)
2025-06-22 02:59:29 [INFO ] o.s.o.j.LocalContainerEntityManagerFactoryBean - Initialized JPA EntityManagerFactory for persistence unit 'default'
2025-06-22 02:59:30 [INFO ] o.s.b.w.e.netty.NettyWebServer - Netty started on port 8090 (http)
2025-06-22 02:59:30 [INFO ] c.demo.ecommerce.SpringEcommerceMain - Started SpringEcommerceMain in 5.05 seconds (process running for 5.577)
2025-06-22 03:00:38 [INFO ] c.d.e.controller.AuthController - Generate Token: eyJhbGciOiJIUzI1NiJ9.eyJzdWIiOiJ0b21jYXQiLCJleHAiOjE3NTA1NjQ4MzgsImlhdCI6MTc1MDU2MTIzOH0.IxF654n-NeJy4X6ATLgnddniIeiC6EP4AD7k3hFlFjk
2025-06-22 03:06:37 [INFO ] o.h.validator.internal.util.Version - HV000001: Hibernate Validator 8.0.2.Final
2025-06-22 03:06:37 [INFO ] c.demo.ecommerce.SpringEcommerceMain - Starting SpringEcommerceMain using Java 17.0.4.1 with PID 20416 (G:\work\eclipse-workspace-interview\ecommerce-demo\target\classes started by pagan in G:\work\eclipse-workspace-interview\ecommerce-demo)
2025-06-22 03:06:37 [INFO ] c.demo.ecommerce.SpringEcommerceMain - No active profile set, falling back to 1 default profile: "default"
2025-06-22 03:06:37 [INFO ] o.s.d.r.c.RepositoryConfigurationDelegate - Bootstrapping Spring Data JPA repositories in DEFAULT mode.
2025-06-22 03:06:38 [INFO ] o.s.d.r.c.RepositoryConfigurationDelegate - Finished Spring Data repository scanning in 133 ms. Found 3 JPA repository interfaces.
2025-06-22 03:06:38 [INFO ] o.h.jpa.internal.util.LogHelper - HHH000204: Processing PersistenceUnitInfo [name: default]
2025-06-22 03:06:38 [INFO ] org.hibernate.Version - HHH000412: Hibernate ORM core version 6.6.18.Final
2025-06-22 03:06:38 [INFO ] o.h.c.i.RegionFactoryInitiator - HHH000026: Second-level cache disabled
2025-06-22 03:06:39 [INFO ] o.s.o.j.p.SpringPersistenceUnitInfo - No LoadTimeWeaver setup: ignoring JPA class transformer
2025-06-22 03:06:39 [INFO ] com.zaxxer.hikari.HikariDataSource - HikariPool-1 - Starting...
2025-06-22 03:06:39 [INFO ] com.zaxxer.hikari.pool.HikariPool - HikariPool-1 - Added connection org.postgresql.jdbc.PgConnection@26994c6a
2025-06-22 03:06:39 [INFO ] com.zaxxer.hikari.HikariDataSource - HikariPool-1 - Start completed.
2025-06-22 03:06:39 [WARN ] org.hibernate.orm.deprecation - HHH90000025: PostgreSQLDialect does not need to be specified explicitly using 'hibernate.dialect' (remove the property setting and it will be selected by default)
2025-06-22 03:06:39 [INFO ] o.hibernate.orm.connections.pooling - HHH10001005: Database info:
	Database JDBC URL [Connecting through datasource 'HikariDataSource (HikariPool-1)']
	Database driver: undefined/unknown
	Database version: 14.1
	Autocommit mode: undefined/unknown
	Isolation level: undefined/unknown
	Minimum pool size: undefined/unknown
	Maximum pool size: undefined/unknown
2025-06-22 03:06:40 [INFO ] o.h.e.t.j.p.i.JtaPlatformInitiator - HHH000489: No JTA platform available (set 'hibernate.transaction.jta.platform' to enable JTA platform integration)
2025-06-22 03:06:40 [INFO ] o.s.o.j.LocalContainerEntityManagerFactoryBean - Initialized JPA EntityManagerFactory for persistence unit 'default'
2025-06-22 03:06:41 [INFO ] o.s.b.w.e.netty.NettyWebServer - Netty started on port 8090 (http)
2025-06-22 03:06:41 [INFO ] c.demo.ecommerce.SpringEcommerceMain - Started SpringEcommerceMain in 4.693 seconds (process running for 5.278)
2025-06-22 03:07:07 [INFO ] c.d.e.controller.AuthController - Generate Token: eyJhbGciOiJIUzI1NiJ9.eyJzdWIiOiJ0b21jYXQiLCJleHAiOjE3NTA1NjUyMjcsImlhdCI6MTc1MDU2MTYyN30.xjlktJVjytgdXKDj8aMSfrrtZQjeWNQGr4yST5bOwnk
2025-06-22 03:11:59 [INFO ] o.h.validator.internal.util.Version - HV000001: Hibernate Validator 8.0.2.Final
2025-06-22 03:12:00 [INFO ] c.demo.ecommerce.SpringEcommerceMain - Starting SpringEcommerceMain using Java 17.0.4.1 with PID 23316 (G:\work\eclipse-workspace-interview\ecommerce-demo\target\classes started by pagan in G:\work\eclipse-workspace-interview\ecommerce-demo)
2025-06-22 03:12:00 [INFO ] c.demo.ecommerce.SpringEcommerceMain - No active profile set, falling back to 1 default profile: "default"
2025-06-22 03:12:00 [INFO ] o.s.d.r.c.RepositoryConfigurationDelegate - Bootstrapping Spring Data JPA repositories in DEFAULT mode.
2025-06-22 03:12:00 [INFO ] o.s.d.r.c.RepositoryConfigurationDelegate - Finished Spring Data repository scanning in 139 ms. Found 3 JPA repository interfaces.
2025-06-22 03:12:01 [INFO ] o.h.jpa.internal.util.LogHelper - HHH000204: Processing PersistenceUnitInfo [name: default]
2025-06-22 03:12:01 [INFO ] org.hibernate.Version - HHH000412: Hibernate ORM core version 6.6.18.Final
2025-06-22 03:12:01 [INFO ] o.h.c.i.RegionFactoryInitiator - HHH000026: Second-level cache disabled
2025-06-22 03:12:02 [INFO ] o.s.o.j.p.SpringPersistenceUnitInfo - No LoadTimeWeaver setup: ignoring JPA class transformer
2025-06-22 03:12:02 [INFO ] com.zaxxer.hikari.HikariDataSource - HikariPool-1 - Starting...
2025-06-22 03:12:02 [INFO ] com.zaxxer.hikari.pool.HikariPool - HikariPool-1 - Added connection org.postgresql.jdbc.PgConnection@602298b
2025-06-22 03:12:02 [INFO ] com.zaxxer.hikari.HikariDataSource - HikariPool-1 - Start completed.
2025-06-22 03:12:02 [WARN ] org.hibernate.orm.deprecation - HHH90000025: PostgreSQLDialect does not need to be specified explicitly using 'hibernate.dialect' (remove the property setting and it will be selected by default)
2025-06-22 03:12:02 [INFO ] o.hibernate.orm.connections.pooling - HHH10001005: Database info:
	Database JDBC URL [Connecting through datasource 'HikariDataSource (HikariPool-1)']
	Database driver: undefined/unknown
	Database version: 14.1
	Autocommit mode: undefined/unknown
	Isolation level: undefined/unknown
	Minimum pool size: undefined/unknown
	Maximum pool size: undefined/unknown
2025-06-22 03:12:03 [INFO ] o.h.e.t.j.p.i.JtaPlatformInitiator - HHH000489: No JTA platform available (set 'hibernate.transaction.jta.platform' to enable JTA platform integration)
2025-06-22 03:12:03 [INFO ] o.s.o.j.LocalContainerEntityManagerFactoryBean - Initialized JPA EntityManagerFactory for persistence unit 'default'
2025-06-22 03:12:04 [INFO ] o.s.b.w.e.netty.NettyWebServer - Netty started on port 8090 (http)
2025-06-22 03:12:04 [INFO ] c.demo.ecommerce.SpringEcommerceMain - Started SpringEcommerceMain in 5.007 seconds (process running for 5.541)
2025-06-22 03:12:19 [INFO ] c.d.e.controller.AuthController - Generate Token: eyJhbGciOiJIUzI1NiJ9.eyJzdWIiOiJ0b21jYXQiLCJleHAiOjE3NTA1NjU1MzksImlhdCI6MTc1MDU2MTkzOX0.YO7Mxu2jTrnyaXhVhC7KYjJym9ohRB3IcezH0YO7M6w
2025-06-22 04:09:29 [INFO ] o.h.validator.internal.util.Version - HV000001: Hibernate Validator 8.0.2.Final
2025-06-22 04:09:29 [INFO ] c.demo.ecommerce.SpringEcommerceMain - Starting SpringEcommerceMain using Java 17.0.4.1 with PID 15912 (G:\work\eclipse-workspace-interview\ecommerce-demo\target\classes started by pagan in G:\work\eclipse-workspace-interview\ecommerce-demo)
2025-06-22 04:09:29 [INFO ] c.demo.ecommerce.SpringEcommerceMain - No active profile set, falling back to 1 default profile: "default"
2025-06-22 04:09:30 [INFO ] o.s.d.r.c.RepositoryConfigurationDelegate - Bootstrapping Spring Data JPA repositories in DEFAULT mode.
2025-06-22 04:09:30 [INFO ] o.s.d.r.c.RepositoryConfigurationDelegate - Finished Spring Data repository scanning in 134 ms. Found 3 JPA repository interfaces.
2025-06-22 04:09:31 [INFO ] o.h.jpa.internal.util.LogHelper - HHH000204: Processing PersistenceUnitInfo [name: default]
2025-06-22 04:09:31 [INFO ] org.hibernate.Version - HHH000412: Hibernate ORM core version 6.6.18.Final
2025-06-22 04:09:31 [INFO ] o.h.c.i.RegionFactoryInitiator - HHH000026: Second-level cache disabled
2025-06-22 04:09:31 [INFO ] o.s.o.j.p.SpringPersistenceUnitInfo - No LoadTimeWeaver setup: ignoring JPA class transformer
2025-06-22 04:09:31 [INFO ] com.zaxxer.hikari.HikariDataSource - HikariCP - Starting...
2025-06-22 04:09:31 [INFO ] com.zaxxer.hikari.pool.HikariPool - HikariCP - Added connection org.postgresql.jdbc.PgConnection@2e3252
2025-06-22 04:09:31 [INFO ] com.zaxxer.hikari.HikariDataSource - HikariCP - Start completed.
2025-06-22 04:09:31 [WARN ] org.hibernate.orm.deprecation - HHH90000025: PostgreSQLDialect does not need to be specified explicitly using 'hibernate.dialect' (remove the property setting and it will be selected by default)
2025-06-22 04:09:32 [INFO ] o.hibernate.orm.connections.pooling - HHH10001005: Database info:
	Database JDBC URL [Connecting through datasource 'HikariDataSource (HikariCP)']
	Database driver: undefined/unknown
	Database version: 14.1
	Autocommit mode: undefined/unknown
	Isolation level: undefined/unknown
	Minimum pool size: undefined/unknown
	Maximum pool size: undefined/unknown
2025-06-22 04:09:32 [INFO ] o.h.e.t.j.p.i.JtaPlatformInitiator - HHH000489: No JTA platform available (set 'hibernate.transaction.jta.platform' to enable JTA platform integration)
2025-06-22 04:09:33 [INFO ] o.s.o.j.LocalContainerEntityManagerFactoryBean - Initialized JPA EntityManagerFactory for persistence unit 'default'
2025-06-22 04:09:34 [INFO ] o.s.b.w.e.netty.NettyWebServer - Netty started on port 8090 (http)
2025-06-22 04:09:34 [INFO ] c.demo.ecommerce.SpringEcommerceMain - Started SpringEcommerceMain in 4.697 seconds (process running for 5.223)
2025-06-22 04:10:00 [INFO ] c.d.e.controller.AuthController - Generate Token: eyJhbGciOiJIUzI1NiJ9.eyJzdWIiOiJ0b21jYXQiLCJleHAiOjE3NTA1NjkwMDAsImlhdCI6MTc1MDU2NTQwMH0.TR-zzfeX5UsA9hwpjQFhZ-UUaSrsiiiOk2-uk2xbrMk
2025-06-22 04:13:24 [INFO ] o.h.validator.internal.util.Version - HV000001: Hibernate Validator 8.0.2.Final
2025-06-22 04:13:24 [INFO ] c.demo.ecommerce.SpringEcommerceMain - Starting SpringEcommerceMain using Java 17.0.4.1 with PID 17428 (G:\work\eclipse-workspace-interview\ecommerce-demo\target\classes started by pagan in G:\work\eclipse-workspace-interview\ecommerce-demo)
2025-06-22 04:13:24 [INFO ] c.demo.ecommerce.SpringEcommerceMain - No active profile set, falling back to 1 default profile: "default"
2025-06-22 04:13:24 [INFO ] o.s.d.r.c.RepositoryConfigurationDelegate - Bootstrapping Spring Data JPA repositories in DEFAULT mode.
2025-06-22 04:13:24 [INFO ] o.s.d.r.c.RepositoryConfigurationDelegate - Finished Spring Data repository scanning in 126 ms. Found 3 JPA repository interfaces.
2025-06-22 04:13:25 [INFO ] o.h.jpa.internal.util.LogHelper - HHH000204: Processing PersistenceUnitInfo [name: default]
2025-06-22 04:13:25 [INFO ] org.hibernate.Version - HHH000412: Hibernate ORM core version 6.6.18.Final
2025-06-22 04:13:25 [INFO ] o.h.c.i.RegionFactoryInitiator - HHH000026: Second-level cache disabled
2025-06-22 04:13:25 [INFO ] o.s.o.j.p.SpringPersistenceUnitInfo - No LoadTimeWeaver setup: ignoring JPA class transformer
2025-06-22 04:13:25 [INFO ] com.zaxxer.hikari.HikariDataSource - HikariCP - Starting...
2025-06-22 04:13:26 [INFO ] com.zaxxer.hikari.pool.HikariPool - HikariCP - Added connection org.postgresql.jdbc.PgConnection@2712e8f4
2025-06-22 04:13:26 [INFO ] com.zaxxer.hikari.HikariDataSource - HikariCP - Start completed.
2025-06-22 04:13:26 [WARN ] org.hibernate.orm.deprecation - HHH90000025: PostgreSQLDialect does not need to be specified explicitly using 'hibernate.dialect' (remove the property setting and it will be selected by default)
2025-06-22 04:13:26 [INFO ] o.hibernate.orm.connections.pooling - HHH10001005: Database info:
	Database JDBC URL [Connecting through datasource 'HikariDataSource (HikariCP)']
	Database driver: undefined/unknown
	Database version: 14.1
	Autocommit mode: undefined/unknown
	Isolation level: undefined/unknown
	Minimum pool size: undefined/unknown
	Maximum pool size: undefined/unknown
2025-06-22 04:13:27 [INFO ] o.h.e.t.j.p.i.JtaPlatformInitiator - HHH000489: No JTA platform available (set 'hibernate.transaction.jta.platform' to enable JTA platform integration)
2025-06-22 04:13:27 [INFO ] o.s.o.j.LocalContainerEntityManagerFactoryBean - Initialized JPA EntityManagerFactory for persistence unit 'default'
2025-06-22 04:13:28 [INFO ] o.s.b.w.e.netty.NettyWebServer - Netty started on port 8090 (http)
2025-06-22 04:13:28 [INFO ] c.demo.ecommerce.SpringEcommerceMain - Started SpringEcommerceMain in 4.743 seconds (process running for 5.308)
2025-06-22 04:14:24 [INFO ] c.d.e.controller.RegistryConroller - Register successfully, New user ID generated: 5
2025-06-22 04:14:32 [INFO ] c.d.e.controller.AuthController - Generate Token: eyJhbGciOiJIUzI1NiJ9.eyJzdWIiOiJqYm9zcyIsImV4cCI6MTc1MDU2OTI3MiwiaWF0IjoxNzUwNTY1NjcyfQ.F7sOHnY-0PU8HwvsYM_6QM7CWQqtbEj1YnoY_H33ZSU
2025-06-22 04:25:35 [INFO ] o.h.validator.internal.util.Version - HV000001: Hibernate Validator 8.0.2.Final
2025-06-22 04:25:35 [INFO ] c.demo.ecommerce.SpringEcommerceMain - Starting SpringEcommerceMain using Java 17.0.4.1 with PID 25524 (G:\work\eclipse-workspace-interview\ecommerce-demo\target\classes started by pagan in G:\work\eclipse-workspace-interview\ecommerce-demo)
2025-06-22 04:25:35 [INFO ] c.demo.ecommerce.SpringEcommerceMain - No active profile set, falling back to 1 default profile: "default"
2025-06-22 04:25:36 [INFO ] o.s.d.r.c.RepositoryConfigurationDelegate - Bootstrapping Spring Data JPA repositories in DEFAULT mode.
2025-06-22 04:25:36 [INFO ] o.s.d.r.c.RepositoryConfigurationDelegate - Finished Spring Data repository scanning in 171 ms. Found 3 JPA repository interfaces.
2025-06-22 04:25:37 [INFO ] o.h.jpa.internal.util.LogHelper - HHH000204: Processing PersistenceUnitInfo [name: default]
2025-06-22 04:25:37 [INFO ] org.hibernate.Version - HHH000412: Hibernate ORM core version 6.6.18.Final
2025-06-22 04:25:37 [INFO ] o.h.c.i.RegionFactoryInitiator - HHH000026: Second-level cache disabled
2025-06-22 04:25:37 [INFO ] o.s.o.j.p.SpringPersistenceUnitInfo - No LoadTimeWeaver setup: ignoring JPA class transformer
2025-06-22 04:25:37 [INFO ] com.zaxxer.hikari.HikariDataSource - HikariCP - Starting...
2025-06-22 04:25:38 [INFO ] com.zaxxer.hikari.pool.HikariPool - HikariCP - Added connection org.postgresql.jdbc.PgConnection@7f6b57f2
2025-06-22 04:25:38 [INFO ] com.zaxxer.hikari.HikariDataSource - HikariCP - Start completed.
2025-06-22 04:25:38 [WARN ] org.hibernate.orm.deprecation - HHH90000025: PostgreSQLDialect does not need to be specified explicitly using 'hibernate.dialect' (remove the property setting and it will be selected by default)
2025-06-22 04:25:38 [INFO ] o.hibernate.orm.connections.pooling - HHH10001005: Database info:
	Database JDBC URL [Connecting through datasource 'HikariDataSource (HikariCP)']
	Database driver: undefined/unknown
	Database version: 14.1
	Autocommit mode: undefined/unknown
	Isolation level: undefined/unknown
	Minimum pool size: undefined/unknown
	Maximum pool size: undefined/unknown
2025-06-22 04:25:39 [INFO ] o.h.e.t.j.p.i.JtaPlatformInitiator - HHH000489: No JTA platform available (set 'hibernate.transaction.jta.platform' to enable JTA platform integration)
2025-06-22 04:25:39 [INFO ] o.s.o.j.LocalContainerEntityManagerFactoryBean - Initialized JPA EntityManagerFactory for persistence unit 'default'
2025-06-22 04:25:40 [INFO ] o.s.b.w.e.netty.NettyWebServer - Netty started on port 8090 (http)
2025-06-22 04:25:40 [INFO ] c.demo.ecommerce.SpringEcommerceMain - Started SpringEcommerceMain in 5.47 seconds (process running for 6.317)
2025-06-22 04:27:34 [INFO ] c.d.e.controller.AuthController - Generate Token: eyJhbGciOiJIUzI1NiJ9.eyJzdWIiOiJ0b21jYXQiLCJleHAiOjE3NTA1NzAwNTQsImlhdCI6MTc1MDU2NjQ1NH0.ieJDicASet4fPf5glTQx99yg51XJVqWvX5zJSPk-b8U
2025-06-22 04:40:39 [INFO ] o.h.validator.internal.util.Version - HV000001: Hibernate Validator 8.0.2.Final
2025-06-22 04:40:39 [INFO ] c.demo.ecommerce.SpringEcommerceMain - Starting SpringEcommerceMain using Java 17.0.4.1 with PID 13712 (G:\work\eclipse-workspace-interview\ecommerce-demo\target\classes started by pagan in G:\work\eclipse-workspace-interview\ecommerce-demo)
2025-06-22 04:40:39 [INFO ] c.demo.ecommerce.SpringEcommerceMain - No active profile set, falling back to 1 default profile: "default"
2025-06-22 04:40:39 [INFO ] o.s.d.r.c.RepositoryConfigurationDelegate - Bootstrapping Spring Data JPA repositories in DEFAULT mode.
2025-06-22 04:40:40 [INFO ] o.s.d.r.c.RepositoryConfigurationDelegate - Finished Spring Data repository scanning in 172 ms. Found 3 JPA repository interfaces.
2025-06-22 04:40:40 [INFO ] o.h.jpa.internal.util.LogHelper - HHH000204: Processing PersistenceUnitInfo [name: default]
2025-06-22 04:40:40 [INFO ] org.hibernate.Version - HHH000412: Hibernate ORM core version 6.6.18.Final
2025-06-22 04:40:41 [INFO ] o.h.c.i.RegionFactoryInitiator - HHH000026: Second-level cache disabled
2025-06-22 04:40:41 [INFO ] o.s.o.j.p.SpringPersistenceUnitInfo - No LoadTimeWeaver setup: ignoring JPA class transformer
2025-06-22 04:40:41 [INFO ] com.zaxxer.hikari.HikariDataSource - HikariCP - Starting...
2025-06-22 04:40:41 [INFO ] com.zaxxer.hikari.pool.HikariPool - HikariCP - Added connection org.postgresql.jdbc.PgConnection@1d6f77d7
2025-06-22 04:40:41 [INFO ] com.zaxxer.hikari.HikariDataSource - HikariCP - Start completed.
2025-06-22 04:40:41 [WARN ] org.hibernate.orm.deprecation - HHH90000025: PostgreSQLDialect does not need to be specified explicitly using 'hibernate.dialect' (remove the property setting and it will be selected by default)
2025-06-22 04:40:41 [INFO ] o.hibernate.orm.connections.pooling - HHH10001005: Database info:
	Database JDBC URL [Connecting through datasource 'HikariDataSource (HikariCP)']
	Database driver: undefined/unknown
	Database version: 14.1
	Autocommit mode: undefined/unknown
	Isolation level: undefined/unknown
	Minimum pool size: undefined/unknown
	Maximum pool size: undefined/unknown
2025-06-22 04:40:42 [INFO ] o.h.e.t.j.p.i.JtaPlatformInitiator - HHH000489: No JTA platform available (set 'hibernate.transaction.jta.platform' to enable JTA platform integration)
2025-06-22 04:40:42 [INFO ] o.s.o.j.LocalContainerEntityManagerFactoryBean - Initialized JPA EntityManagerFactory for persistence unit 'default'
2025-06-22 04:40:44 [INFO ] o.s.b.w.e.netty.NettyWebServer - Netty started on port 8090 (http)
2025-06-22 04:40:44 [INFO ] c.demo.ecommerce.SpringEcommerceMain - Started SpringEcommerceMain in 5.518 seconds (process running for 6.38)
2025-06-22 04:44:25 [INFO ] o.h.validator.internal.util.Version - HV000001: Hibernate Validator 8.0.2.Final
2025-06-22 04:44:25 [INFO ] c.demo.ecommerce.SpringEcommerceMain - Starting SpringEcommerceMain using Java 17.0.4.1 with PID 19788 (G:\work\eclipse-workspace-interview\ecommerce-demo\target\classes started by pagan in G:\work\eclipse-workspace-interview\ecommerce-demo)
2025-06-22 04:44:25 [INFO ] c.demo.ecommerce.SpringEcommerceMain - No active profile set, falling back to 1 default profile: "default"
2025-06-22 04:44:26 [INFO ] o.s.d.r.c.RepositoryConfigurationDelegate - Bootstrapping Spring Data JPA repositories in DEFAULT mode.
2025-06-22 04:44:26 [INFO ] o.s.d.r.c.RepositoryConfigurationDelegate - Finished Spring Data repository scanning in 205 ms. Found 3 JPA repository interfaces.
2025-06-22 04:44:27 [INFO ] o.h.jpa.internal.util.LogHelper - HHH000204: Processing PersistenceUnitInfo [name: default]
2025-06-22 04:44:27 [INFO ] org.hibernate.Version - HHH000412: Hibernate ORM core version 6.6.18.Final
2025-06-22 04:44:27 [INFO ] o.h.c.i.RegionFactoryInitiator - HHH000026: Second-level cache disabled
2025-06-22 04:44:28 [INFO ] o.s.o.j.p.SpringPersistenceUnitInfo - No LoadTimeWeaver setup: ignoring JPA class transformer
2025-06-22 04:44:28 [INFO ] com.zaxxer.hikari.HikariDataSource - HikariCP - Starting...
2025-06-22 04:44:28 [INFO ] com.zaxxer.hikari.pool.HikariPool - HikariCP - Added connection org.postgresql.jdbc.PgConnection@21b744ec
2025-06-22 04:44:28 [INFO ] com.zaxxer.hikari.HikariDataSource - HikariCP - Start completed.
2025-06-22 04:44:28 [WARN ] org.hibernate.orm.deprecation - HHH90000025: PostgreSQLDialect does not need to be specified explicitly using 'hibernate.dialect' (remove the property setting and it will be selected by default)
2025-06-22 04:44:28 [INFO ] o.hibernate.orm.connections.pooling - HHH10001005: Database info:
	Database JDBC URL [Connecting through datasource 'HikariDataSource (HikariCP)']
	Database driver: undefined/unknown
	Database version: 14.1
	Autocommit mode: undefined/unknown
	Isolation level: undefined/unknown
	Minimum pool size: undefined/unknown
	Maximum pool size: undefined/unknown
2025-06-22 04:44:29 [INFO ] o.h.e.t.j.p.i.JtaPlatformInitiator - HHH000489: No JTA platform available (set 'hibernate.transaction.jta.platform' to enable JTA platform integration)
2025-06-22 04:44:29 [INFO ] o.s.o.j.LocalContainerEntityManagerFactoryBean - Initialized JPA EntityManagerFactory for persistence unit 'default'
2025-06-22 04:44:31 [INFO ] o.s.b.w.e.netty.NettyWebServer - Netty started on port 8090 (http)
2025-06-22 04:44:31 [INFO ] c.demo.ecommerce.SpringEcommerceMain - Started SpringEcommerceMain in 6.165 seconds (process running for 7.069)
2025-06-22 04:44:57 [INFO ] c.d.e.controller.AuthController - Generate Token: eyJhbGciOiJIUzI1NiJ9.eyJzdWIiOiJ0b21jYXQiLCJleHAiOjE3NTA1NzEwOTcsImlhdCI6MTc1MDU2NzQ5N30.iQiAPeZYZqnnO5cnW90Mlg4dyAMwCLMkIJRa3OHFpZo
2025-06-22 04:45:43 [INFO ] c.d.e.controller.AuthController - Generate Token: eyJhbGciOiJIUzI1NiJ9.eyJzdWIiOiJqYm9zcyIsImV4cCI6MTc1MDU3MTE0MywiaWF0IjoxNzUwNTY3NTQzfQ.LouRwXltb5JSyA80GPvVL-NK9_SdYGSPZ56N1jsiZfA
2025-06-22 04:57:10 [INFO ] o.h.validator.internal.util.Version - HV000001: Hibernate Validator 8.0.2.Final
2025-06-22 04:57:10 [INFO ] c.demo.ecommerce.SpringEcommerceMain - Starting SpringEcommerceMain using Java 17.0.4.1 with PID 13376 (G:\work\eclipse-workspace-interview\ecommerce-demo\target\classes started by pagan in G:\work\eclipse-workspace-interview\ecommerce-demo)
2025-06-22 04:57:10 [INFO ] c.demo.ecommerce.SpringEcommerceMain - The following 1 profile is active: "dev"
2025-06-22 04:57:10 [INFO ] o.s.d.r.c.RepositoryConfigurationDelegate - Bootstrapping Spring Data JPA repositories in DEFAULT mode.
2025-06-22 04:57:11 [INFO ] o.s.d.r.c.RepositoryConfigurationDelegate - Finished Spring Data repository scanning in 128 ms. Found 3 JPA repository interfaces.
2025-06-22 04:57:11 [WARN ] o.s.b.w.r.c.AnnotationConfigReactiveWebServerApplicationContext - Exception encountered during context initialization - cancelling refresh attempt: org.springframework.beans.factory.BeanCreationException: Error creating bean with name 'entityManagerFactory' defined in class path resource [org/springframework/boot/autoconfigure/orm/jpa/HibernateJpaConfiguration.class]: Failed to initialize dependency 'dataSourceScriptDatabaseInitializer' of LoadTimeWeaverAware bean 'entityManagerFactory': Error creating bean with name 'dataSourceScriptDatabaseInitializer' defined in class path resource [org/springframework/boot/autoconfigure/sql/init/DataSourceInitializationConfiguration.class]: Unsatisfied dependency expressed through method 'dataSourceScriptDatabaseInitializer' parameter 0: Error creating bean with name 'dataSource' defined in class path resource [org/springframework/boot/autoconfigure/jdbc/DataSourceConfiguration$Hikari.class]: Failed to instantiate [com.zaxxer.hikari.HikariDataSource]: Factory method 'dataSource' threw exception with message: Cannot load driver class: org.h2.Driver
2025-06-22 04:57:11 [INFO ] o.s.b.a.l.ConditionEvaluationReportLogger - 

Error starting ApplicationContext. To display the condition evaluation report re-run your application with 'debug' enabled.
2025-06-22 04:57:59 [INFO ] o.h.validator.internal.util.Version - HV000001: Hibernate Validator 8.0.2.Final
2025-06-22 04:57:59 [INFO ] c.demo.ecommerce.SpringEcommerceMain - Starting SpringEcommerceMain using Java 17.0.4.1 with PID 25912 (G:\work\eclipse-workspace-interview\ecommerce-demo\target\classes started by pagan in G:\work\eclipse-workspace-interview\ecommerce-demo)
2025-06-22 04:57:59 [INFO ] c.demo.ecommerce.SpringEcommerceMain - The following 1 profile is active: "dev"
2025-06-22 04:58:00 [INFO ] o.s.d.r.c.RepositoryConfigurationDelegate - Bootstrapping Spring Data JPA repositories in DEFAULT mode.
2025-06-22 04:58:00 [INFO ] o.s.d.r.c.RepositoryConfigurationDelegate - Finished Spring Data repository scanning in 151 ms. Found 3 JPA repository interfaces.
2025-06-22 04:58:01 [INFO ] o.h.jpa.internal.util.LogHelper - HHH000204: Processing PersistenceUnitInfo [name: default]
2025-06-22 04:58:01 [INFO ] org.hibernate.Version - HHH000412: Hibernate ORM core version 6.6.18.Final
2025-06-22 04:58:01 [INFO ] o.h.c.i.RegionFactoryInitiator - HHH000026: Second-level cache disabled
2025-06-22 04:58:01 [INFO ] o.s.o.j.p.SpringPersistenceUnitInfo - No LoadTimeWeaver setup: ignoring JPA class transformer
2025-06-22 04:58:01 [INFO ] com.zaxxer.hikari.HikariDataSource - DevHikariCP - Starting...
2025-06-22 04:58:01 [INFO ] com.zaxxer.hikari.pool.HikariPool - DevHikariCP - Added connection conn0: url=jdbc:h2:mem:testdb user=SA
2025-06-22 04:58:01 [INFO ] com.zaxxer.hikari.HikariDataSource - DevHikariCP - Start completed.
2025-06-22 04:58:01 [WARN ] org.hibernate.orm.deprecation - HHH90000025: H2Dialect does not need to be specified explicitly using 'hibernate.dialect' (remove the property setting and it will be selected by default)
2025-06-22 04:58:01 [INFO ] o.hibernate.orm.connections.pooling - HHH10001005: Database info:
	Database JDBC URL [Connecting through datasource 'HikariDataSource (DevHikariCP)']
	Database driver: undefined/unknown
	Database version: 2.3.232
	Autocommit mode: undefined/unknown
	Isolation level: undefined/unknown
	Minimum pool size: undefined/unknown
	Maximum pool size: undefined/unknown
2025-06-22 04:58:02 [INFO ] o.h.e.t.j.p.i.JtaPlatformInitiator - HHH000489: No JTA platform available (set 'hibernate.transaction.jta.platform' to enable JTA platform integration)
2025-06-22 04:58:02 [INFO ] o.s.o.j.LocalContainerEntityManagerFactoryBean - Initialized JPA EntityManagerFactory for persistence unit 'default'
2025-06-22 04:58:03 [INFO ] o.s.b.w.e.netty.NettyWebServer - Netty started on port 8090 (http)
2025-06-22 04:58:03 [INFO ] c.demo.ecommerce.SpringEcommerceMain - Started SpringEcommerceMain in 4.725 seconds (process running for 5.282)
2025-06-22 04:58:57 [INFO ] c.d.e.controller.RegistryConroller - Register successfully, New user ID generated: 1
2025-06-22 04:59:05 [INFO ] c.d.e.controller.AuthController - Generate Token: eyJhbGciOiJIUzI1NiJ9.eyJzdWIiOiJhZG1pbiIsImV4cCI6MTc1MDU3MTk0NSwiaWF0IjoxNzUwNTY4MzQ1fQ.IOUtOpFKTEeRoCAg6V5t1z5ptwQq95Y2sgnLgYBhBl0
